 WARN  Unsupported engine: wanted: {"node":">=22.0.0"} (current: {"node":"v20.17.0","pnpm":"10.33.0"})
SST 3.19.3 ready!

➜  App:        basics-runtime
   Stage:      production

~  Deploy

|  Created     BasicsWorkerTaskDef aws:ecs:TaskDefinition
#0 building with "cool_poincare" instance using docker-container driver

#1 [internal] load build definition from Dockerfile
#1 transferring dockerfile: 1.44kB done
#1 DONE 0.0s

#2 [internal] load metadata for docker.io/library/node:22-alpine
#2 DONE 0.4s

#3 [internal] load .dockerignore
#3 transferring context: 685B done
#3 DONE 0.0s

#4 [internal] load build context
#4 DONE 0.0s

#5 [base 1/3] FROM docker.io/library/node:22-alpine@sha256:8ea2348b068a9544dae7317b4f3aafcdc032df1647bb7d768a05a5cad1a7683f
#5 resolve docker.io/library/node:22-alpine@sha256:8ea2348b068a9544dae7317b4f3aafcdc032df1647bb7d768a05a5cad1a7683f 0.0s done
#5 DONE 0.0s

#6 importing cache manifest from 635649352555.dkr.ecr.us-east-1.amazonaws.com/sst-asset:RuntimeApi-cache
#6 ...

#7 [auth] sharing credentials for 635649352555.dkr.ecr.us-east-1.amazonaws.com
#7 DONE 0.0s

#6 importing cache manifest from 635649352555.dkr.ecr.us-east-1.amazonaws.com/sst-asset:RuntimeApi-cache
#6 inferred cache manifest type: application/vnd.oci.image.manifest.v1+json done
#6 DONE 0.9s

#4 [internal] load build context
#4 transferring context: 217.03kB 0.0s done
#4 DONE 0.1s

#8 [deps 1/5] COPY pnpm-lock.yaml pnpm-workspace.yaml package.json ./
#8 CACHED

#9 [deps 4/5] COPY shared/package.json ./shared/
#9 CACHED

#10 [build 1/6] COPY --from=deps /app/node_modules ./node_modules
#10 CACHED

#11 [build 3/6] COPY --from=deps /app/harness/node_modules ./harness/node_modules
#11 CACHED

#12 [base 2/3] RUN corepack enable && corepack prepare pnpm@10.33.0 --activate
#12 CACHED

#13 [deps 3/5] COPY harness/package.json ./harness/
#13 CACHED

#14 [deps 5/5] RUN pnpm install --frozen-lockfile
#14 CACHED

#15 [build 2/6] COPY --from=deps /app/api/node_modules ./api/node_modules
#15 CACHED

#16 [base 3/3] WORKDIR /app
#16 CACHED

#17 [deps 2/5] COPY api/package.json ./api/
#17 CACHED

#18 [build 4/6] COPY --from=deps /app/shared/node_modules ./shared/node_modules
#18 CACHED

#19 [build 5/6] COPY . .
#19 DONE 0.5s

#20 [build 6/6] RUN pnpm --filter @basics/shared build && pnpm --filter @basics/harness build && pnpm --filter @basics/api build
#20 0.688
#20 0.688 > @basics/shared@0.0.0 build /app/shared
#20 0.688 > tsc -p tsconfig.build.json
#20 0.688
#20 2.585
#20 2.585 > @basics/harness@0.0.0 build /app/harness
#20 2.585 > tsc -p tsconfig.build.json
#20 2.585
#20 3.795
#20 3.795 > @basics/api@0.0.0 build /app/api
#20 3.795 > tsc --build tsconfig.gateway.json && tsc -p tsconfig.build.json
#20 3.795
#20 DONE 10.2s
|  Updated     BasicsDispatcherLambda sst:aws:Function → BasicsDispatcherLambdaFunction aws:lambda:Function (6.8s)
|  Updated     BasicsPoolAutoscalerLambda sst:aws:Function → BasicsPoolAutoscalerLambdaFunction aws:lambda:Function (6.9s)

#21 [runtime  2/11] COPY --from=build /app/api/node_modules ./api/node_modules
#21 CACHED

#22 [runtime  3/11] COPY --from=build /app/harness/node_modules ./harness/node_modules
#22 CACHED

#23 [runtime  1/11] COPY --from=build /app/node_modules ./node_modules
#23 CACHED

#24 [runtime  4/11] COPY --from=build /app/shared/node_modules ./shared/node_modules
#24 CACHED

#25 [runtime  5/11] COPY --from=build /app/api/dist ./api/dist
#25 CACHED

#26 [runtime  6/11] COPY --from=build /app/harness/dist ./harness/dist
#26 CACHED

#27 [runtime  7/11] COPY --from=build /app/shared/dist ./shared/dist
#27 DONE 0.0s

#28 [runtime  8/11] COPY --from=build /app/api/package.json ./api/
#28 DONE 0.1s

#29 [runtime  9/11] COPY --from=build /app/harness/package.json ./harness/
#29 DONE 0.0s

#30 [runtime 10/11] COPY --from=build /app/shared/package.json ./shared/
#30 DONE 0.0s

#31 [runtime 11/11] COPY --from=build /app/package.json ./
#31 DONE 0.0s

#32 exporting to image
#32 exporting layers
#32 exporting layers 0.2s done
#32 exporting manifest sha256:e7db4e77fe0cfd66739905904484e6dcf2f85ddda345da3815186321e22eb6f0 0.0s done
#32 exporting config sha256:f68da1342e53a561ea56e2f339bca5a0dd48723ca6f4034888547b6f606246b7 0.0s done
#32 pushing layers
#32 pushing layers 1.2s done
#32 pushing manifest for 635649352555.dkr.ecr.us-east-1.amazonaws.com/sst-asset:RuntimeApi@sha256:e7db4e77fe0cfd66739905904484e6dcf2f85ddda345da3815186321e22eb6f0
#32 pushing manifest for 635649352555.dkr.ecr.us-east-1.amazonaws.com/sst-asset:RuntimeApi@sha256:e7db4e77fe0cfd66739905904484e6dcf2f85ddda345da3815186321e22eb6f0 0.5s done
#32 DONE 1.9s

#33 exporting cache to registry
#33 preparing build cache for export 0.8s done
#33 sending cache export
#33 writing layer sha256:2452ea09c194bb9781d2d55adf2ec1e7488b053d2bef72cda6472cc22236db6c
#33 writing layer sha256:01b39b772812b27d0ac596c467e9e3415baa2b53e9c914add008f66536b66366
#33 writing layer sha256:17e128064d3f7c6b5a99294a0ddbec000f1cf9f99b8dd6464a327e19c6a542ee 0.1s done
#33 writing layer sha256:1bc622ee7e86124c3738e694051a7685ba4e4c71cd7462b95c1396aadeb3cffa 0.1s done
#33 writing layer sha256:2c53a052e5add51f1d4eaae788dbdaca4a9136dac8426edefbfab1513b286fe4 0.1s done
#33 writing layer sha256:2fd00fec912425d3ca137ce77a59c667c110b6ca3a69f5e82757f78439e85a3d 0.1s done
#33 writing layer sha256:402b31bbda554f9fcaf72c6d6a5c63f1ac48caa9bfefd91751bf0e1d71d609e4 0.1s done
#33 writing layer sha256:485126be698ab1208f47a7b2ce77f3b1d0d3d134a744a59d2953ee7d011b1a2b 0.1s done
#33 writing layer sha256:4cc15311d45b63612aec3e37d607941ddc636bd3ab45235d8391dc5b2b90faf4 0.1s done
#33 writing layer sha256:56778e6d06e230f673dd2b273de6d307b4f236c633c864b455c86c0edb37a14a 0.1s done
#33 writing layer sha256:5c5dcd5ad0ac3db98611092ff5fbde9b97367a4ab1bd646102d50d72f51178a3 0.1s done
#33 writing layer sha256:6a0ac1617861a677b045b7ff88545213ec31c0ff08763195a70a4a5adda577bb 0.1s done
#33 writing layer sha256:7375f63764c91f3d247ced2a035555b5304939366c3f2bc4c26db0ef37a68c24 0.1s done
#33 writing layer sha256:7408efa8968627cd80e16c1be3a03f5cd93d92e6a443f2463ae47024ad5c5d60 0.1s done
#33 writing layer sha256:8bfa0019f928dcee6004de6c4b85d75774f993212504ac816ede0f3c6ae097de 0.1s done
#33 writing layer sha256:8c6077a3db5a1d59ed3dad0baa56bb1353018e4cc764e004d0358a97f7d29480 0.1s done
#33 writing layer sha256:94910069ad7018667c31bb237e39fd34652ee4fe7e8f7a391e502c408ad7b6e4 0.1s done
#33 writing layer sha256:9b7d63ea6ec729d5c41b34bfbc4aeaf140a4c65cfb746ef5a1111791c8e73271 0.1s done
#33 writing layer sha256:9e177ba73d9ff6d235c7d32bf216469630dcce0a52a6cbde08bd868b7a07e7d5 0.1s done
#33 writing layer sha256:ae32d0ae1d061ce4eafe5074eb37eb843da95c94044a27b5c2c564f260cd92de 0.1s done
#33 writing layer sha256:b8c3fa92b6e0f764924d7db127cc6f0cf7dac4f9243e3e3b3b437818cf9bd34d 0.1s done
#33 writing layer sha256:de99ea3a34ec6d6fbda28d1022567f675ba22fdbc15e5abda66d7fa127a84880 0.1s done
#33 writing layer sha256:ea5d14221f2cce9d5beef9f9a43c23de4b6f6829324c402bb1c048bbbc88a99f 0.1s done
#33 writing layer sha256:f0da1aaa653db7f1bb0ceae0fece4e593ae7a843fad578bb2d8fe455ac442ce7 0.1s done
#33 writing layer sha256:2452ea09c194bb9781d2d55adf2ec1e7488b053d2bef72cda6472cc22236db6c 0.9s done
#33 writing layer sha256:01b39b772812b27d0ac596c467e9e3415baa2b53e9c914add008f66536b66366 0.8s done
#33 writing config sha256:8ba6992922508da1ddd95fae944f705373a553765687d435d482003cf241adae
#33 writing config sha256:8ba6992922508da1ddd95fae944f705373a553765687d435d482003cf241adae 0.5s done
#33 writing cache image manifest sha256:466c6900646d3a3f7bafc520fbcde452e96ee67e4f861061f9609d540e67ebd7
#33 sending cache export 1.7s done
#33 writing cache image manifest sha256:466c6900646d3a3f7bafc520fbcde452e96ee67e4f861061f9609d540e67ebd7 0.4s done
#33 DONE 2.6s


|  Updated     RuntimeApi sst:aws:Service → RuntimeApiImageRuntimeApi docker-build:index:Image (21.3s)
|  Created     RuntimeApi sst:aws:Service → RuntimeApiTask aws:ecs:TaskDefinition
|  Updated     RuntimeApi sst:aws:Service → RuntimeApiService aws:ecs:Service
|  Deleted     RuntimeApi sst:aws:Service → RuntimeApiTask aws:ecs:TaskDefinition
|  Deleted     BasicsWorkerTaskDef aws:ecs:TaskDefinition

↗  Permalink   https://sst.dev/u/7639cc5e

✓  Complete    
   RuntimeApi: https://api.trybasics.ai/
   ---
   DispatcherLambdaArn: arn:aws:lambda:us-east-1:635649352555:function:basics-dispatcher
   WorkerTaskSecurityGroupId: sg-06b8bbc396f213681
   WorkspacesEfsArn: arn:aws:elasticfilesystem:us-east-1:635649352555:file-system/fs-04a265d569529f6de
   ArtifactsBucket: basics-runtime-artifacts-production
   AgentClusterName: basics-agent
   DispatcherLambdaName: basics-dispatcher
   ScreenshotsBucket: basics-runtime-screenshots
   ApiUrl: https://api.trybasics.ai/
   WorkerEcrRepoArn: arn:aws:ecr:us-east-1:635649352555:repository/basics-worker
   PoolAutoscalerLambdaArn: arn:aws:lambda:us-east-1:635649352555:function:basics-pool-autoscaler
   PoolAutoscalerScheduleArn: arn:aws:events:us-east-1:635649352555:rule/basics-pool-autoscaler-schedule
   WorkerLogGroupName: /aws/ecs/basics-worker
   WorkerTaskRoleArn: arn:aws:iam::635649352555:role/basics-worker-task-role
   WorkspacesEfsSecurityGroupId: sg-0b3d0ea4aedecc84d
   RunsQueueArn: arn:aws:sqs:us-east-1:635649352555:basics-runs.fifo
   VpcId: vpc-0904f3df3b1b69970
   WorkerEcrRepoUrl: 635649352555.dkr.ecr.us-east-1.amazonaws.com/basics-worker
   WorkerExecutionRoleArn: arn:aws:iam::635649352555:role/basics-worker-execution-role
   CronKickerLambdaArn: arn:aws:lambda:us-east-1:635649352555:function:basics-cron-kicker
   RunsQueueUrl: https://sqs.us-east-1.amazonaws.com/635649352555/basics-runs.fifo
   WorkerTaskDefinitionArn: arn:aws:ecs:us-east-1:635649352555:task-definition/basics-worker:19
   WorkspacesEfsId: fs-04a265d569529f6de
   ClusterName: basics-runtime-production
   PoolAutoscalerLambdaName: basics-pool-autoscaler
   SchedulerInvokeRoleArn: arn:aws:iam::635649352555:role/basics-scheduler-invoke-production

