 WARN  Unsupported engine: wanted: {"node":">=22.0.0"} (current: {"node":"v20.17.0","pnpm":"10.33.0"})
SST 3.19.3 ready!

➜  App:        basics-runtime
   Stage:      production

~  Deploy

#0 building with "cool_poincare" instance using docker-container driver

#1 [internal] load build definition from Dockerfile
#1 transferring dockerfile: 1.44kB done
#1 DONE 0.0s

#2 [internal] load metadata for docker.io/library/node:22-alpine
#2 DONE 0.3s

#3 [internal] load .dockerignore
#3 transferring context: 685B done
#3 DONE 0.0s

#4 [internal] load build context
#4 DONE 0.0s

#5 [auth] sharing credentials for 635649352555.dkr.ecr.us-east-1.amazonaws.com
#5 DONE 0.0s

#6 importing cache manifest from 635649352555.dkr.ecr.us-east-1.amazonaws.com/sst-asset:RuntimeApi-cache
#6 inferred cache manifest type: application/vnd.oci.image.manifest.v1+json done
#6 DONE 0.8s

#7 [base 1/3] FROM docker.io/library/node:22-alpine@sha256:8ea2348b068a9544dae7317b4f3aafcdc032df1647bb7d768a05a5cad1a7683f
#7 resolve docker.io/library/node:22-alpine@sha256:8ea2348b068a9544dae7317b4f3aafcdc032df1647bb7d768a05a5cad1a7683f 0.0s done
#7 DONE 0.0s

#4 [internal] load build context
#4 transferring context: 153.68kB 0.1s done
#4 DONE 0.1s

#8 [deps 1/5] COPY pnpm-lock.yaml pnpm-workspace.yaml package.json ./
#8 CACHED

#9 [build 1/6] COPY --from=deps /app/node_modules ./node_modules
#9 CACHED

#10 [build 2/6] COPY --from=deps /app/api/node_modules ./api/node_modules
#10 CACHED

#11 [build 3/6] COPY --from=deps /app/harness/node_modules ./harness/node_modules
#11 CACHED

#12 [deps 2/5] COPY api/package.json ./api/
#12 CACHED

#13 [deps 4/5] COPY shared/package.json ./shared/
#13 CACHED

#14 [base 2/3] RUN corepack enable && corepack prepare pnpm@10.33.0 --activate
#14 CACHED

#15 [base 3/3] WORKDIR /app
#15 CACHED

#16 [deps 3/5] COPY harness/package.json ./harness/
#16 CACHED

#17 [deps 5/5] RUN pnpm install --frozen-lockfile
#17 CACHED

#18 [build 4/6] COPY --from=deps /app/shared/node_modules ./shared/node_modules
#18 CACHED

#19 [build 5/6] COPY . .
#19 DONE 0.5s

#20 [build 6/6] RUN pnpm --filter @basics/shared build && pnpm --filter @basics/harness build && pnpm --filter @basics/api build
#20 0.763
#20 0.763 > @basics/shared@0.0.0 build /app/shared
#20 0.763 > tsc -p tsconfig.build.json
#20 0.763
#20 2.002
#20 2.002 > @basics/harness@0.0.0 build /app/harness
#20 2.002 > tsc -p tsconfig.build.json
#20 2.002
#20 3.129
#20 3.129 > @basics/api@0.0.0 build /app/api
#20 3.129 > tsc --build tsconfig.gateway.json && tsc -p tsconfig.build.json
#20 3.129
|  Created     BasicsCronKickerLambda sst:aws:Function → BasicsCronKickerLambdaSourcemap0 aws:s3:BucketObjectv2
|  Created     BasicsCronKickerLambda sst:aws:Function → BasicsCronKickerLambdaCode aws:s3:BucketObjectv2
#20 DONE 9.2s
|  Updated     BasicsCronKickerLambda sst:aws:Function → BasicsCronKickerLambdaFunction aws:lambda:Function (6.9s)

#21 [runtime  1/11] COPY --from=build /app/node_modules ./node_modules
#21 CACHED

#22 [runtime  2/11] COPY --from=build /app/api/node_modules ./api/node_modules
#22 CACHED

#23 [runtime  3/11] COPY --from=build /app/harness/node_modules ./harness/node_modules
#23 CACHED

#24 [runtime  4/11] COPY --from=build /app/shared/node_modules ./shared/node_modules
#24 CACHED

#25 [runtime  5/11] COPY --from=build /app/api/dist ./api/dist
#25 DONE 0.1s

#26 [runtime  6/11] COPY --from=build /app/harness/dist ./harness/dist
#26 DONE 0.0s

#27 [runtime  7/11] COPY --from=build /app/shared/dist ./shared/dist
#27 DONE 0.0s

#28 [runtime  8/11] COPY --from=build /app/api/package.json ./api/
#28 DONE 0.0s

#29 [runtime  9/11] COPY --from=build /app/harness/package.json ./harness/
#29 DONE 0.0s

#30 [runtime 10/11] COPY --from=build /app/shared/package.json ./shared/
#30 DONE 0.1s

#31 [runtime 11/11] COPY --from=build /app/package.json ./
#31 DONE 0.0s

#32 exporting to image
#32 exporting layers
#32 exporting layers 0.3s done
#32 exporting manifest sha256:49ccd7a3ff93e84c1b720e4c761c7a5692679f85faa2dd6153780849438d6d82 0.0s done
#32 exporting config sha256:f5f1788bd301a8370b977bde56498f15c99e568f037a4aad255e3b37e44052fd 0.0s done
#32 pushing layers
#32 pushing layers 1.3s done
#32 pushing manifest for 635649352555.dkr.ecr.us-east-1.amazonaws.com/sst-asset:RuntimeApi@sha256:49ccd7a3ff93e84c1b720e4c761c7a5692679f85faa2dd6153780849438d6d82
#32 pushing manifest for 635649352555.dkr.ecr.us-east-1.amazonaws.com/sst-asset:RuntimeApi@sha256:49ccd7a3ff93e84c1b720e4c761c7a5692679f85faa2dd6153780849438d6d82 0.4s done
#32 DONE 2.0s

#33 exporting cache to registry
#33 preparing build cache for export 0.7s done
#33 sending cache export
#33 writing layer sha256:2fd00fec912425d3ca137ce77a59c667c110b6ca3a69f5e82757f78439e85a3d 0.1s done
#33 writing layer sha256:196bc5a88a2ad007f4e8c7cefdf0b1a58b222074e348d477377b508a4955b21b 0.1s done
#33 writing layer sha256:2c53a052e5add51f1d4eaae788dbdaca4a9136dac8426edefbfab1513b286fe4 0.1s done
#33 writing layer sha256:17e128064d3f7c6b5a99294a0ddbec000f1cf9f99b8dd6464a327e19c6a542ee 0.1s done
#33 writing layer sha256:485126be698ab1208f47a7b2ce77f3b1d0d3d134a744a59d2953ee7d011b1a2b 0.1s done
#33 writing layer sha256:4cc15311d45b63612aec3e37d607941ddc636bd3ab45235d8391dc5b2b90faf4 0.1s done
#33 writing layer sha256:56778e6d06e230f673dd2b273de6d307b4f236c633c864b455c86c0edb37a14a 0.1s done
#33 writing layer sha256:5e539419e235ccb4970d2ab5cacc8f214c63fb37aed8016f397759e3b95b9e36 0.6s done
#33 writing layer sha256:6a0ac1617861a677b045b7ff88545213ec31c0ff08763195a70a4a5adda577bb 0.1s done
#33 writing layer sha256:718b1c3aef8b910de364d30c78d5c41fe6ab03d3afac1d473d402a9c659d0605 0.1s done
#33 writing layer sha256:7408efa8968627cd80e16c1be3a03f5cd93d92e6a443f2463ae47024ad5c5d60 0.1s done
#33 writing layer sha256:798df1f4956d59a459c2b2deb8f5711293f6db3907788226f40085c8e1641693 0.8s done
#33 writing layer sha256:79c71239c79b6f9d771543868386226fa60c6a7d95abc5c948d51f016002b3f1 0.7s done
#33 writing layer sha256:8bfa0019f928dcee6004de6c4b85d75774f993212504ac816ede0f3c6ae097de 0.1s done
#33 writing layer sha256:8c6077a3db5a1d59ed3dad0baa56bb1353018e4cc764e004d0358a97f7d29480 0.1s done
#33 writing layer sha256:93e6513625e52b490abaacb8660947b2f73980fb0b2ac5d183c3f365127a4fe2
#33 writing layer sha256:9b7d63ea6ec729d5c41b34bfbc4aeaf140a4c65cfb746ef5a1111791c8e73271 0.1s done
#33 writing layer sha256:9e177ba73d9ff6d235c7d32bf216469630dcce0a52a6cbde08bd868b7a07e7d5 0.0s done
#33 writing layer sha256:ae32d0ae1d061ce4eafe5074eb37eb843da95c94044a27b5c2c564f260cd92de 0.0s done
#33 writing layer sha256:cd1a1406a02f37a30a75bb25812ed5037c3c00d525774b6cd66602915eb3695a
#33 writing layer sha256:d00dfb391d926becd9133157cfd147bedd730e28a33b08b7d2a71fabb16fb3e0 0.0s done
#33 writing layer sha256:de99ea3a34ec6d6fbda28d1022567f675ba22fdbc15e5abda66d7fa127a84880 0.0s done
#33 writing layer sha256:e511e7b6d07fd92b0d79994cb6fe9a41ae843c271ea7f7a3fbe9e9c174114e51 0.0s done
#33 writing layer sha256:f0da1aaa653db7f1bb0ceae0fece4e593ae7a843fad578bb2d8fe455ac442ce7 0.0s done
#33 writing layer sha256:93e6513625e52b490abaacb8660947b2f73980fb0b2ac5d183c3f365127a4fe2 0.7s done
#33 writing layer sha256:cd1a1406a02f37a30a75bb25812ed5037c3c00d525774b6cd66602915eb3695a 0.7s done
#33 writing config sha256:dce62868800240f1a281b78622c311825b4c61a77a38b3ba6020cfc1ea00092d
#33 writing config sha256:dce62868800240f1a281b78622c311825b4c61a77a38b3ba6020cfc1ea00092d 0.4s done
#33 writing cache image manifest sha256:35459377e7a823aa0c08da0888c7ff815f36624a42ac5016a37d6bcc0f63c9a6
#33 sending cache export 2.3s done
#33 writing cache image manifest sha256:35459377e7a823aa0c08da0888c7ff815f36624a42ac5016a37d6bcc0f63c9a6 0.4s done
#33 DONE 3.0s

|  Updated     RuntimeApi sst:aws:Service → RuntimeApiImageRuntimeApi docker-build:index:Image (22.9s)
|  Created     RuntimeApi sst:aws:Service → RuntimeApiTask aws:ecs:TaskDefinition
|  Updated     RuntimeApi sst:aws:Service → RuntimeApiService aws:ecs:Service
|  Deleted     BasicsCronKickerLambda sst:aws:Function → BasicsCronKickerLambdaSourcemap0 aws:s3:BucketObjectv2
|  Deleted     RuntimeApi sst:aws:Service → RuntimeApiTask aws:ecs:TaskDefinition
|  Deleted     BasicsCronKickerLambda sst:aws:Function → BasicsCronKickerLambdaCode aws:s3:BucketObjectv2

↗  Permalink   https://sst.dev/u/bb504352

✓  Complete    
   RuntimeApi: https://api.trybasics.ai/
   ---
   PoolAutoscalerLambdaArn: arn:aws:lambda:us-east-1:635649352555:function:basics-pool-autoscaler
   WorkerTaskSecurityGroupId: sg-06b8bbc396f213681
   DispatcherLambdaArn: arn:aws:lambda:us-east-1:635649352555:function:basics-dispatcher
   SchedulerInvokeRoleArn: arn:aws:iam::635649352555:role/basics-scheduler-invoke-production
   WorkerTaskRoleArn: arn:aws:iam::635649352555:role/basics-worker-task-role
   PoolAutoscalerScheduleArn: arn:aws:events:us-east-1:635649352555:rule/basics-pool-autoscaler-schedule
   VpcId: vpc-0904f3df3b1b69970
   WorkerExecutionRoleArn: arn:aws:iam::635649352555:role/basics-worker-execution-role
   WorkerTaskDefinitionArn: arn:aws:ecs:us-east-1:635649352555:task-definition/basics-worker:19
   WorkspacesEfsSecurityGroupId: sg-0b3d0ea4aedecc84d
   WorkerEcrRepoArn: arn:aws:ecr:us-east-1:635649352555:repository/basics-worker
   ClusterName: basics-runtime-production
   PoolAutoscalerLambdaName: basics-pool-autoscaler
   ArtifactsBucket: basics-runtime-artifacts-production
   WorkspacesEfsId: fs-04a265d569529f6de
   ApiUrl: https://api.trybasics.ai/
   RunsQueueArn: arn:aws:sqs:us-east-1:635649352555:basics-runs.fifo
   ScreenshotsBucket: basics-runtime-screenshots
   AgentClusterName: basics-agent
   RunsQueueUrl: https://sqs.us-east-1.amazonaws.com/635649352555/basics-runs.fifo
   WorkerLogGroupName: /aws/ecs/basics-worker
   DispatcherLambdaName: basics-dispatcher
   WorkerEcrRepoUrl: 635649352555.dkr.ecr.us-east-1.amazonaws.com/basics-worker
   WorkspacesEfsArn: arn:aws:elasticfilesystem:us-east-1:635649352555:file-system/fs-04a265d569529f6de
   CronKickerLambdaArn: arn:aws:lambda:us-east-1:635649352555:function:basics-cron-kicker

