 WARN  Unsupported engine: wanted: {"node":">=22.0.0"} (current: {"node":"v20.17.0","pnpm":"10.33.0"})
SST 3.19.3 ready!

➜  App:        basics-runtime
   Stage:      production

~  Deploy

|  Locked      A concurrent update was detected on the app. Run `sst unlock` to remove the lock and try again.
 WARN  Unsupported engine: wanted: {"node":">=22.0.0"} (current: {"node":"v20.17.0","pnpm":"10.33.0"})
SST 3.19.3 ready!

➜  App:        basics-runtime
   Stage:      production

~  Deploy

|  Created     BasicsCronKickerFailedAlarm aws:cloudwatch:MetricAlarm
|  Created     BasicsCronKickerDurationAlarm aws:cloudwatch:MetricAlarm
#0 building with "cool_poincare" instance using docker-container driver

#1 [internal] load build definition from Dockerfile
#1 transferring dockerfile: 1.44kB 0.0s done
#1 DONE 0.1s

#2 [internal] load metadata for docker.io/library/node:22-alpine
#2 DONE 0.8s

#3 [internal] load .dockerignore
#3 transferring context: 685B done
#3 DONE 0.0s

#4 [internal] load build context
#4 DONE 0.0s

#5 [base 1/3] FROM docker.io/library/node:22-alpine@sha256:8ea2348b068a9544dae7317b4f3aafcdc032df1647bb7d768a05a5cad1a7683f
#5 resolve docker.io/library/node:22-alpine@sha256:8ea2348b068a9544dae7317b4f3aafcdc032df1647bb7d768a05a5cad1a7683f
#5 resolve docker.io/library/node:22-alpine@sha256:8ea2348b068a9544dae7317b4f3aafcdc032df1647bb7d768a05a5cad1a7683f 0.2s done
#5 DONE 0.2s

#6 [auth] sharing credentials for 635649352555.dkr.ecr.us-east-1.amazonaws.com
#6 DONE 0.0s

#7 importing cache manifest from 635649352555.dkr.ecr.us-east-1.amazonaws.com/sst-asset:RuntimeApi-cache
#7 inferred cache manifest type: application/vnd.oci.image.manifest.v1+json done
#7 DONE 0.9s

#4 [internal] load build context
#4 transferring context: 366.45kB 0.1s done
#4 DONE 0.1s

#8 [deps 2/5] COPY api/package.json ./api/
#8 CACHED

#9 [build 3/6] COPY --from=deps /app/harness/node_modules ./harness/node_modules
#9 CACHED

#10 [deps 4/5] COPY shared/package.json ./shared/
#10 CACHED

#11 [build 1/6] COPY --from=deps /app/node_modules ./node_modules
#11 CACHED

#12 [build 2/6] COPY --from=deps /app/api/node_modules ./api/node_modules
#12 CACHED

#13 [base 2/3] RUN corepack enable && corepack prepare pnpm@10.33.0 --activate
#13 CACHED

#14 [deps 5/5] RUN pnpm install --frozen-lockfile
#14 CACHED

#15 [base 3/3] WORKDIR /app
#15 CACHED

#16 [deps 1/5] COPY pnpm-lock.yaml pnpm-workspace.yaml package.json ./
#16 CACHED

#17 [deps 3/5] COPY harness/package.json ./harness/
#17 CACHED

#18 [build 4/6] COPY --from=deps /app/shared/node_modules ./shared/node_modules
#18 CACHED

#19 [build 5/6] COPY . .
#19 DONE 0.7s

#20 [build 6/6] RUN pnpm --filter @basics/shared build && pnpm --filter @basics/harness build && pnpm --filter @basics/api build
#20 0.965
#20 0.965 > @basics/shared@0.0.0 build /app/shared
#20 0.965 > tsc -p tsconfig.build.json
#20 0.965
#20 2.153
#20 2.153 > @basics/harness@0.0.0 build /app/harness
#20 2.153 > tsc -p tsconfig.build.json
#20 2.153
|  Created     BasicsPoolAutoscalerLambda sst:aws:Function → BasicsPoolAutoscalerLambdaSourcemap0 aws:s3:BucketObjectv2
|  Created     BasicsDispatcherLambda sst:aws:Function → BasicsDispatcherLambdaSourcemap0 aws:s3:BucketObjectv2
|  Created     BasicsCronKickerLambda sst:aws:Function → BasicsCronKickerLambdaSourcemap0 aws:s3:BucketObjectv2
|  Created     BasicsCronKickerLambda sst:aws:Function → BasicsCronKickerLambdaCode aws:s3:BucketObjectv2
|  Created     BasicsDispatcherLambda sst:aws:Function → BasicsDispatcherLambdaCode aws:s3:BucketObjectv2 (1.1s)
#20 3.243
#20 3.243 > @basics/api@0.0.0 build /app/api
#20 3.243 > tsc --build tsconfig.gateway.json && tsc -p tsconfig.build.json
#20 3.243
|  Created     BasicsPoolAutoscalerLambda sst:aws:Function → BasicsPoolAutoscalerLambdaCode aws:s3:BucketObjectv2 (3.2s)
|  Updated     BasicsDispatcherLambda sst:aws:Function → BasicsDispatcherLambdaFunction aws:lambda:Function (6.8s)
#20 DONE 12.8s
|  Updated     BasicsPoolAutoscalerLambda sst:aws:Function → BasicsPoolAutoscalerLambdaFunction aws:lambda:Function (6.3s)
|  Updated     BasicsCronKickerLambda sst:aws:Function → BasicsCronKickerLambdaFunction aws:lambda:Function (12.6s)
|  Created     BasicsCronKickerSelfInvokePolicy aws:iam:RolePolicy

#21 [runtime  1/11] COPY --from=build /app/node_modules ./node_modules
#21 CACHED

#22 [runtime  3/11] COPY --from=build /app/harness/node_modules ./harness/node_modules
#22 CACHED

#23 [runtime  2/11] COPY --from=build /app/api/node_modules ./api/node_modules
#23 CACHED

#24 [runtime  4/11] COPY --from=build /app/shared/node_modules ./shared/node_modules
#24 CACHED

#25 [runtime  5/11] COPY --from=build /app/api/dist ./api/dist
#25 DONE 0.1s

#26 [runtime  6/11] COPY --from=build /app/harness/dist ./harness/dist
#26 DONE 0.1s

#27 [runtime  7/11] COPY --from=build /app/shared/dist ./shared/dist
#27 DONE 0.1s

#28 [runtime  8/11] COPY --from=build /app/api/package.json ./api/
#28 DONE 0.1s

#29 [runtime  9/11] COPY --from=build /app/harness/package.json ./harness/
#29 DONE 0.1s

#30 [runtime 10/11] COPY --from=build /app/shared/package.json ./shared/
#30 DONE 0.1s

#31 [runtime 11/11] COPY --from=build /app/package.json ./
#31 DONE 0.1s

#32 exporting to image
#32 exporting layers
#32 exporting layers 0.9s done
#32 exporting manifest sha256:db0c9d7708912aaeb7acfcdb580552fd4daab9f65bf1b5868d2bff2f69abd915 0.0s done
#32 exporting config sha256:00c290cfcbbd169595559f363245dc74700a7b3c65bf9b1bba6aaaab6dfcbf4f 0.0s done
#32 pushing layers
#32 pushing layers 1.5s done
#32 pushing manifest for 635649352555.dkr.ecr.us-east-1.amazonaws.com/sst-asset:RuntimeApi@sha256:db0c9d7708912aaeb7acfcdb580552fd4daab9f65bf1b5868d2bff2f69abd915
#32 pushing manifest for 635649352555.dkr.ecr.us-east-1.amazonaws.com/sst-asset:RuntimeApi@sha256:db0c9d7708912aaeb7acfcdb580552fd4daab9f65bf1b5868d2bff2f69abd915 0.4s done
#32 DONE 2.9s

#33 exporting cache to registry
#33 preparing build cache for export 1.9s done
#33 sending cache export
#33 writing layer sha256:2fd00fec912425d3ca137ce77a59c667c110b6ca3a69f5e82757f78439e85a3d 0.1s done
#33 writing layer sha256:20326360e9cd0d7384e63c1222b6e0231b279af4bc05bbfed471fc66e0e4885b 0.0s done
#33 writing layer sha256:2c53a052e5add51f1d4eaae788dbdaca4a9136dac8426edefbfab1513b286fe4 0.1s done
#33 writing layer sha256:17e128064d3f7c6b5a99294a0ddbec000f1cf9f99b8dd6464a327e19c6a542ee 0.1s done
#33 writing layer sha256:307fcd6c6df177892782586ad999d142a8a1525396da63d05fe5b59f43a3cc5d 0.0s done
#33 writing layer sha256:485126be698ab1208f47a7b2ce77f3b1d0d3d134a744a59d2953ee7d011b1a2b
#33 writing layer sha256:4cc15311d45b63612aec3e37d607941ddc636bd3ab45235d8391dc5b2b90faf4
#33 writing layer sha256:56778e6d06e230f673dd2b273de6d307b4f236c633c864b455c86c0edb37a14a
#33 writing layer sha256:63d4001af59153f1f0d4c137608c0fff261a1694729ba525952d7dab7945dcec
#33 writing layer sha256:485126be698ab1208f47a7b2ce77f3b1d0d3d134a744a59d2953ee7d011b1a2b 0.1s done
#33 writing layer sha256:4cc15311d45b63612aec3e37d607941ddc636bd3ab45235d8391dc5b2b90faf4 0.1s done
#33 writing layer sha256:56778e6d06e230f673dd2b273de6d307b4f236c633c864b455c86c0edb37a14a 0.1s done
#33 writing layer sha256:63d4001af59153f1f0d4c137608c0fff261a1694729ba525952d7dab7945dcec 0.0s done
#33 writing layer sha256:6a0ac1617861a677b045b7ff88545213ec31c0ff08763195a70a4a5adda577bb 0.0s done
#33 writing layer sha256:6b0a312281c59564c53aac63a494a91b52018e5ef764baadd252657822024e4c 0.1s done
#33 writing layer sha256:6d2a5fb3f04b7dbf4f346031ada9508c66689096b5470a6714b8701513a633b2
#33 writing layer sha256:6d36314117105e7fee3dbbcf71d0a23c1f53b1c96c69dad8f1a089417d12e209 0.0s done
#33 writing layer sha256:7408efa8968627cd80e16c1be3a03f5cd93d92e6a443f2463ae47024ad5c5d60
#33 writing layer sha256:8bfa0019f928dcee6004de6c4b85d75774f993212504ac816ede0f3c6ae097de
#33 writing layer sha256:8c6077a3db5a1d59ed3dad0baa56bb1353018e4cc764e004d0358a97f7d29480
#33 writing layer sha256:7408efa8968627cd80e16c1be3a03f5cd93d92e6a443f2463ae47024ad5c5d60 0.1s done
#33 writing layer sha256:8bfa0019f928dcee6004de6c4b85d75774f993212504ac816ede0f3c6ae097de 0.1s done
#33 writing layer sha256:8c6077a3db5a1d59ed3dad0baa56bb1353018e4cc764e004d0358a97f7d29480 0.1s done
#33 writing layer sha256:9b7d63ea6ec729d5c41b34bfbc4aeaf140a4c65cfb746ef5a1111791c8e73271 0.0s done
#33 writing layer sha256:9bdde8651338321fc76845e05d583fe7c4d2bc1807e7085316b64e218601717d 0.0s done
#33 writing layer sha256:9e177ba73d9ff6d235c7d32bf216469630dcce0a52a6cbde08bd868b7a07e7d5
#33 writing layer sha256:ae32d0ae1d061ce4eafe5074eb37eb843da95c94044a27b5c2c564f260cd92de 0.0s done
#33 writing layer sha256:bbcf1e9bf3fba6211c7c0ebd299be4778d8bf99d95036206160d7e8c25f8d016
#33 writing layer sha256:c239673e5013d8528a1e33b9bb00c5c9af01247668c44797a38518e95b1730a3
#33 writing layer sha256:9e177ba73d9ff6d235c7d32bf216469630dcce0a52a6cbde08bd868b7a07e7d5 0.1s done
#33 writing layer sha256:c239673e5013d8528a1e33b9bb00c5c9af01247668c44797a38518e95b1730a3 0.0s done
#33 writing layer sha256:de99ea3a34ec6d6fbda28d1022567f675ba22fdbc15e5abda66d7fa127a84880 0.0s done
#33 writing layer sha256:f0da1aaa653db7f1bb0ceae0fece4e593ae7a843fad578bb2d8fe455ac442ce7 0.1s done
#33 writing layer sha256:6d2a5fb3f04b7dbf4f346031ada9508c66689096b5470a6714b8701513a633b2 0.9s done
#33 writing layer sha256:bbcf1e9bf3fba6211c7c0ebd299be4778d8bf99d95036206160d7e8c25f8d016 0.8s done
#33 writing config sha256:a26a0624c46c1060a240657baabba7e32c666f34bb55d2a74b6c4035c63ecfd2
#33 writing config sha256:a26a0624c46c1060a240657baabba7e32c666f34bb55d2a74b6c4035c63ecfd2 0.5s done
#33 writing cache image manifest sha256:942a41c9525b40829811596aadd844ac1db3c3f61ae5da6176d7a88346dd00cf
#33 sending cache export 1.9s done
#33 writing cache image manifest sha256:942a41c9525b40829811596aadd844ac1db3c3f61ae5da6176d7a88346dd00cf 0.4s done
#33 DONE 3.8s

#34 resolving provenance for metadata file
#34 DONE 0.0s
|  Updated     RuntimeApi sst:aws:Service → RuntimeApiImageRuntimeApi docker-build:index:Image (30.4s)
|  Created     RuntimeApi sst:aws:Service → RuntimeApiTask aws:ecs:TaskDefinition
|  Updated     RuntimeApi sst:aws:Service → RuntimeApiService aws:ecs:Service
|  Deleted     BasicsCronKickerLambda sst:aws:Function → BasicsCronKickerLambdaSourcemap0 aws:s3:BucketObjectv2
|  Deleted     BasicsDispatcherLambda sst:aws:Function → BasicsDispatcherLambdaSourcemap0 aws:s3:BucketObjectv2
|  Deleted     BasicsPoolAutoscalerLambda sst:aws:Function → BasicsPoolAutoscalerLambdaSourcemap0 aws:s3:BucketObjectv2
|  Deleted     RuntimeApi sst:aws:Service → RuntimeApiTask aws:ecs:TaskDefinition
|  Deleted     BasicsDispatcherLambda sst:aws:Function → BasicsDispatcherLambdaCode aws:s3:BucketObjectv2
|  Deleted     BasicsCronKickerLambda sst:aws:Function → BasicsCronKickerLambdaCode aws:s3:BucketObjectv2
|  Deleted     BasicsPoolAutoscalerLambda sst:aws:Function → BasicsPoolAutoscalerLambdaCode aws:s3:BucketObjectv2

↗  Permalink   https://sst.dev/u/13651681

✓  Complete    
   RuntimeApi: https://api.trybasics.ai/
   ---
   PoolAutoscalerScheduleArn: arn:aws:events:us-east-1:635649352555:rule/basics-pool-autoscaler-schedule
   ScreenshotsBucket: basics-runtime-screenshots
   WorkerEcrRepoUrl: 635649352555.dkr.ecr.us-east-1.amazonaws.com/basics-worker
   WorkspacesEfsArn: arn:aws:elasticfilesystem:us-east-1:635649352555:file-system/fs-04a265d569529f6de
   ClusterName: basics-runtime-production
   PoolAutoscalerLambdaArn: arn:aws:lambda:us-east-1:635649352555:function:basics-pool-autoscaler
   WorkspacesEfsId: fs-04a265d569529f6de
   WorkerTaskRoleArn: arn:aws:iam::635649352555:role/basics-worker-task-role
   SchedulerInvokeRoleArn: arn:aws:iam::635649352555:role/basics-scheduler-invoke-production
   VpcId: vpc-0904f3df3b1b69970
   ApiUrl: https://api.trybasics.ai/
   WorkerTaskSecurityGroupId: sg-06b8bbc396f213681
   ArtifactsBucket: basics-runtime-artifacts-production
   WorkerEcrRepoArn: arn:aws:ecr:us-east-1:635649352555:repository/basics-worker
   WorkerLogGroupName: /aws/ecs/basics-worker
   PoolAutoscalerLambdaName: basics-pool-autoscaler
   RunsQueueUrl: https://sqs.us-east-1.amazonaws.com/635649352555/basics-runs.fifo
   WorkerTaskDefinitionArn: arn:aws:ecs:us-east-1:635649352555:task-definition/basics-worker:24
   CronKickerLambdaArn: arn:aws:lambda:us-east-1:635649352555:function:basics-cron-kicker
   WorkerExecutionRoleArn: arn:aws:iam::635649352555:role/basics-worker-execution-role
   DispatcherLambdaArn: arn:aws:lambda:us-east-1:635649352555:function:basics-dispatcher
   WorkspacesEfsSecurityGroupId: sg-0b3d0ea4aedecc84d
   AgentClusterName: basics-agent
   RunsQueueArn: arn:aws:sqs:us-east-1:635649352555:basics-runs.fifo
   DispatcherLambdaName: basics-dispatcher

