 WARN  Unsupported engine: wanted: {"node":">=22.0.0"} (current: {"node":"v20.17.0","pnpm":"10.33.0"})
SST 3.19.3 ready!

➜  App:        basics-runtime
   Stage:      production

~  Deploy

|  Created     BasicsWorkerTaskRoleArtifactsPolicy aws:iam:RolePolicy
#0 building with "cool_poincare" instance using docker-container driver

#1 [internal] load build definition from Dockerfile
#1 transferring dockerfile: 1.44kB done
#1 DONE 0.0s

#2 [internal] load metadata for docker.io/library/node:22-alpine
#2 DONE 0.4s

#3 [internal] load .dockerignore
#3 transferring context: 685B done
#3 DONE 0.0s

#4 [internal] load build context
#4 DONE 0.0s

#5 [base 1/3] FROM docker.io/library/node:22-alpine@sha256:8ea2348b068a9544dae7317b4f3aafcdc032df1647bb7d768a05a5cad1a7683f
#5 resolve docker.io/library/node:22-alpine@sha256:8ea2348b068a9544dae7317b4f3aafcdc032df1647bb7d768a05a5cad1a7683f 0.0s done
#5 DONE 0.0s

#6 importing cache manifest from 635649352555.dkr.ecr.us-east-1.amazonaws.com/sst-asset:RuntimeApi-cache
#6 ...

#7 [auth] sharing credentials for 635649352555.dkr.ecr.us-east-1.amazonaws.com
#7 DONE 0.0s

#6 importing cache manifest from 635649352555.dkr.ecr.us-east-1.amazonaws.com/sst-asset:RuntimeApi-cache
#6 inferred cache manifest type: application/vnd.oci.image.manifest.v1+json done
#6 DONE 1.1s

#4 [internal] load build context
#4 transferring context: 186.63kB 0.0s done
#4 DONE 0.1s

#8 [deps 1/5] COPY pnpm-lock.yaml pnpm-workspace.yaml package.json ./
#8 CACHED

#9 [deps 3/5] COPY harness/package.json ./harness/
#9 CACHED

#10 [deps 5/5] RUN pnpm install --frozen-lockfile
#10 CACHED

#11 [build 3/6] COPY --from=deps /app/harness/node_modules ./harness/node_modules
#11 CACHED

#12 [base 2/3] RUN corepack enable && corepack prepare pnpm@10.33.0 --activate
#12 CACHED

#13 [deps 2/5] COPY api/package.json ./api/
#13 CACHED

#14 [build 1/6] COPY --from=deps /app/node_modules ./node_modules
#14 CACHED

#15 [deps 4/5] COPY shared/package.json ./shared/
#15 CACHED

#16 [build 2/6] COPY --from=deps /app/api/node_modules ./api/node_modules
#16 CACHED

#17 [base 3/3] WORKDIR /app
#17 CACHED

#18 [build 4/6] COPY --from=deps /app/shared/node_modules ./shared/node_modules
#18 CACHED

#19 [build 5/6] COPY . .
#19 DONE 0.4s

#20 [build 6/6] RUN pnpm --filter @basics/shared build && pnpm --filter @basics/harness build && pnpm --filter @basics/api build
#20 0.761
#20 0.761 > @basics/shared@0.0.0 build /app/shared
#20 0.761 > tsc -p tsconfig.build.json
#20 0.761
#20 2.104
#20 2.104 > @basics/harness@0.0.0 build /app/harness
#20 2.104 > tsc -p tsconfig.build.json
#20 2.104
#20 3.392
#20 3.392 > @basics/api@0.0.0 build /app/api
#20 3.392 > tsc --build tsconfig.gateway.json && tsc -p tsconfig.build.json
#20 3.392
#20 DONE 10.6s

#21 [runtime  1/11] COPY --from=build /app/node_modules ./node_modules
#21 CACHED

#22 [runtime  6/11] COPY --from=build /app/harness/dist ./harness/dist
#22 CACHED

#23 [runtime  8/11] COPY --from=build /app/api/package.json ./api/
#23 CACHED

#24 [runtime  9/11] COPY --from=build /app/harness/package.json ./harness/
#24 CACHED

#25 [runtime  3/11] COPY --from=build /app/harness/node_modules ./harness/node_modules
#25 CACHED

#26 [runtime  5/11] COPY --from=build /app/api/dist ./api/dist
#26 CACHED

#27 [runtime 10/11] COPY --from=build /app/shared/package.json ./shared/
#27 CACHED

#28 [runtime  2/11] COPY --from=build /app/api/node_modules ./api/node_modules
#28 CACHED

#29 [runtime  7/11] COPY --from=build /app/shared/dist ./shared/dist
#29 CACHED

#30 [runtime  4/11] COPY --from=build /app/shared/node_modules ./shared/node_modules
#30 CACHED

#31 [runtime 11/11] COPY --from=build /app/package.json ./
#31 CACHED

#32 exporting to image
#32 exporting layers done
#32 exporting manifest sha256:27284ae67695f3003eab4f58383cbe4b7c76d51c44c191c91063bb4a189c2ba7 done
#32 exporting config sha256:cbafa477d89d9f1e8ea92ed1d9b9a219760fce721e694f045ea3d7d48cc2dce3 done
#32 pushing layers
#32 pushing layers 0.5s done
#32 pushing manifest for 635649352555.dkr.ecr.us-east-1.amazonaws.com/sst-asset:RuntimeApi@sha256:27284ae67695f3003eab4f58383cbe4b7c76d51c44c191c91063bb4a189c2ba7
#32 pushing manifest for 635649352555.dkr.ecr.us-east-1.amazonaws.com/sst-asset:RuntimeApi@sha256:27284ae67695f3003eab4f58383cbe4b7c76d51c44c191c91063bb4a189c2ba7 0.1s done
#32 DONE 0.6s

#33 exporting cache to registry
#33 preparing build cache for export
#33 preparing build cache for export 1.0s done
#33 sending cache export
#33 writing layer sha256:1b0f2f914bf0f4d0f42b979c36d51919746559074cf04cb3aa6fffb3e0a05857 0.1s done
#33 writing layer sha256:17e128064d3f7c6b5a99294a0ddbec000f1cf9f99b8dd6464a327e19c6a542ee 0.1s done
#33 writing layer sha256:1a6770beaf70a3f9f5a6760141a6578462311f44cf76b8421cf280ed97abcb5c 0.1s done
#33 writing layer sha256:0328d5ef6dab0fb482a349e6a9cdc68d3816c61e75856baf4e74321225a1bf8c
#33 writing layer sha256:282f6caf53b46f136161ab5b01850eb9685a676b82bf64a64c2588972282b648
#33 writing layer sha256:2c53a052e5add51f1d4eaae788dbdaca4a9136dac8426edefbfab1513b286fe4
#33 writing layer sha256:2fd00fec912425d3ca137ce77a59c667c110b6ca3a69f5e82757f78439e85a3d 0.1s done
#33 writing layer sha256:485126be698ab1208f47a7b2ce77f3b1d0d3d134a744a59d2953ee7d011b1a2b
#33 writing layer sha256:2c53a052e5add51f1d4eaae788dbdaca4a9136dac8426edefbfab1513b286fe4 0.1s done
#33 writing layer sha256:485126be698ab1208f47a7b2ce77f3b1d0d3d134a744a59d2953ee7d011b1a2b 0.1s done
#33 writing layer sha256:4cc15311d45b63612aec3e37d607941ddc636bd3ab45235d8391dc5b2b90faf4 0.1s done
#33 writing layer sha256:56778e6d06e230f673dd2b273de6d307b4f236c633c864b455c86c0edb37a14a 0.1s done
#33 writing layer sha256:6a0ac1617861a677b045b7ff88545213ec31c0ff08763195a70a4a5adda577bb
#33 writing layer sha256:7375f63764c91f3d247ced2a035555b5304939366c3f2bc4c26db0ef37a68c24
#33 writing layer sha256:6a0ac1617861a677b045b7ff88545213ec31c0ff08763195a70a4a5adda577bb 0.1s done
#33 writing layer sha256:7375f63764c91f3d247ced2a035555b5304939366c3f2bc4c26db0ef37a68c24 0.1s done
#33 writing layer sha256:7408efa8968627cd80e16c1be3a03f5cd93d92e6a443f2463ae47024ad5c5d60 0.1s done
#33 writing layer sha256:74442c6f62d2797ffe8bec1b2e2da60bcc83134fd7f30d817d49ef48a44903f2 0.1s done
#33 writing layer sha256:8bfa0019f928dcee6004de6c4b85d75774f993212504ac816ede0f3c6ae097de
#33 writing layer sha256:8c6077a3db5a1d59ed3dad0baa56bb1353018e4cc764e004d0358a97f7d29480
#33 writing layer sha256:8bfa0019f928dcee6004de6c4b85d75774f993212504ac816ede0f3c6ae097de 0.1s done
#33 writing layer sha256:8c6077a3db5a1d59ed3dad0baa56bb1353018e4cc764e004d0358a97f7d29480 0.1s done
#33 writing layer sha256:94910069ad7018667c31bb237e39fd34652ee4fe7e8f7a391e502c408ad7b6e4 0.1s done
#33 writing layer sha256:9b7d63ea6ec729d5c41b34bfbc4aeaf140a4c65cfb746ef5a1111791c8e73271
#33 writing layer sha256:9e177ba73d9ff6d235c7d32bf216469630dcce0a52a6cbde08bd868b7a07e7d5
#33 writing layer sha256:9b7d63ea6ec729d5c41b34bfbc4aeaf140a4c65cfb746ef5a1111791c8e73271 0.1s done
#33 writing layer sha256:9e177ba73d9ff6d235c7d32bf216469630dcce0a52a6cbde08bd868b7a07e7d5 0.1s done
#33 writing layer sha256:a5d09b781b437e5ffdae2fe61b1fba51e080b50945eaad495ee8a3d078ebfd9f 0.1s done
#33 writing layer sha256:ae32d0ae1d061ce4eafe5074eb37eb843da95c94044a27b5c2c564f260cd92de 0.1s done
#33 writing layer sha256:aea76f775d40c6442a11f2e16e26b71b95385b116a8140b1f3319e44afcea191
#33 writing layer sha256:de99ea3a34ec6d6fbda28d1022567f675ba22fdbc15e5abda66d7fa127a84880
#33 writing layer sha256:aea76f775d40c6442a11f2e16e26b71b95385b116a8140b1f3319e44afcea191 0.1s done
#33 writing layer sha256:de99ea3a34ec6d6fbda28d1022567f675ba22fdbc15e5abda66d7fa127a84880 0.1s done
#33 writing layer sha256:f0da1aaa653db7f1bb0ceae0fece4e593ae7a843fad578bb2d8fe455ac442ce7 0.1s done
#33 writing layer sha256:282f6caf53b46f136161ab5b01850eb9685a676b82bf64a64c2588972282b648 0.8s done
#33 writing layer sha256:0328d5ef6dab0fb482a349e6a9cdc68d3816c61e75856baf4e74321225a1bf8c 1.0s done
#33 writing config sha256:a7bcc5bb3c06520728185fb7ec601ac2b7f011cc33cca9a627a6cba9f0ebe87a
#33 writing config sha256:a7bcc5bb3c06520728185fb7ec601ac2b7f011cc33cca9a627a6cba9f0ebe87a 0.5s done
#33 writing cache image manifest sha256:aaa4780888b70244409ff924de1518c4fe41f0d408beef55dd179b9856b209c3
#33 sending cache export 1.9s done
#33 writing cache image manifest sha256:aaa4780888b70244409ff924de1518c4fe41f0d408beef55dd179b9856b209c3 0.4s done
#33 DONE 2.9s

|  Updated     RuntimeApi sst:aws:Service → RuntimeApiImageRuntimeApi docker-build:index:Image (22.2s)

↗  Permalink   https://sst.dev/u/63d6141e

✓  Complete    
   RuntimeApi: https://api.trybasics.ai/
   ---
   DispatcherLambdaName: basics-dispatcher
   PoolAutoscalerLambdaArn: arn:aws:lambda:us-east-1:635649352555:function:basics-pool-autoscaler
   ArtifactsBucket: basics-runtime-artifacts-production
   DispatcherLambdaArn: arn:aws:lambda:us-east-1:635649352555:function:basics-dispatcher
   WorkerTaskDefinitionArn: arn:aws:ecs:us-east-1:635649352555:task-definition/basics-worker:18
   WorkspacesEfsId: fs-04a265d569529f6de
   WorkspacesEfsSecurityGroupId: sg-0b3d0ea4aedecc84d
   ApiUrl: https://api.trybasics.ai/
   SchedulerInvokeRoleArn: arn:aws:iam::635649352555:role/basics-scheduler-invoke-production
   WorkerEcrRepoArn: arn:aws:ecr:us-east-1:635649352555:repository/basics-worker
   ScreenshotsBucket: basics-runtime-screenshots
   AgentClusterName: basics-agent
   VpcId: vpc-0904f3df3b1b69970
   WorkerTaskRoleArn: arn:aws:iam::635649352555:role/basics-worker-task-role
   WorkerEcrRepoUrl: 635649352555.dkr.ecr.us-east-1.amazonaws.com/basics-worker
   WorkerExecutionRoleArn: arn:aws:iam::635649352555:role/basics-worker-execution-role
   ClusterName: basics-runtime-production
   PoolAutoscalerScheduleArn: arn:aws:events:us-east-1:635649352555:rule/basics-pool-autoscaler-schedule
   WorkerLogGroupName: /aws/ecs/basics-worker
   WorkerTaskSecurityGroupId: sg-06b8bbc396f213681
   CronKickerLambdaArn: arn:aws:lambda:us-east-1:635649352555:function:basics-cron-kicker
   WorkspacesEfsArn: arn:aws:elasticfilesystem:us-east-1:635649352555:file-system/fs-04a265d569529f6de
   PoolAutoscalerLambdaName: basics-pool-autoscaler
   RunsQueueUrl: https://sqs.us-east-1.amazonaws.com/635649352555/basics-runs.fifo
   RunsQueueArn: arn:aws:sqs:us-east-1:635649352555:basics-runs.fifo

