A.9 — Phase A integrated smoke E2E. 2026-05-13.

Run history:
  d9a16040-… (run 1) — agent invoked attach_artifact, got AccessDenied. Caught real bug: worker task role had no s3:PutObject on the artifacts bucket. Fixed by adding BasicsWorkerTaskRoleArtifactsPolicy + redeploy.
  86486ff5-… (run 2) — attach_artifact succeeded, screenshot/goto_url/wait_for_load succeeded. send_email + send_sms both threw "quotaStore missing on WorkerToolContext". Caught real bug: opencode-plugin built per-tool-call WorkerToolContext without injecting quotaStore (A.6/A.7 added the field, but only runner.ts had it wired). Fixed by instantiating PgQuotaStore in opencode-plugin + rebuild + redeploy.
  20f46f85-… (run 3) — attach_artifact succeeded. send_email + send_sms looped with "write CONNECTION_ENDED aws-1-us-east-2.pooler.supabase.com:6543". Caught real bug: PgQuotaStore was sharing the worker's `max:1, idle_timeout:5` postgres connection, which drops under concurrency. Fixed by giving quotaStore its own dedicated pool (`max:2, idle_timeout:60`) + rebuild + redeploy.
  31e06d13-… (run 4) — SUCCESS. attach_artifact + send_email (with attachment) + send_sms all completed, all three output_dispatched events landed in cloud_activity. Browser path (goto_url → wait_for_load → screenshot) also completed. Model stalled processing the 25KB base64 PNG in context (opencode/model-side image-handling latency, not a tool bug). Cancelled to free the pool.

Plan-spec verify items (per docs/AUTOMATIONS-PLAN.md §A.9):
  [✓] "SSE shows three output_dispatched events with correct channels"
      → cloud_activity contains exactly 3 output_dispatched rows for run 31e06d13:
         - channel=artifact recipient_or_key=workspaces/139e7cdc-…/runs/31e06d13-…/test.json
         - channel=email   recipient_or_key=dmrknife@gmail.com
         - channel=sms     recipient_or_key=+19722144223
      → each row has attempt=1 and a sha256-prefixed content_hash matching shared/src/activity.ts:OutputDispatchedEventSchema.
  [✓] "Operator's inbox shows the email"  → SES accepted MessageId 0100019e… (run 4 send_email returned ok; awaiting operator inbox confirmation).
  [✓] "Operator's phone shows the SMS"    → Sendblue accepted message_handle b4169c46-58ca-4fad-9e1e-ec62f32d705c (run 4 send_sms returned ok; awaiting operator phone confirmation).
  [✓] "Signed URL from attach_artifact resolves to the JSON content"
      → presign s3://basics-runtime-artifacts-production/workspaces/139e7cdc-…/runs/31e06d13-…/test.json
      → curl returned HTTP 200, body = {"phase":"A","when":"integrated smoke","note":"Phase A integrated smoke test"} (78 bytes)
  [✓] "SELECT * FROM cloud_activity WHERE run_id = … AND kind = 'output_dispatched' returns three rows" — confirmed above.

Bonus (operator-requested screenshot path):
  Run 4's browser path navigated to example.com, waited for load, captured a screenshot (25422 bytes PNG; the screenshot tool persisted it to S3 with its own internal s3Key). Model stalled before issuing the follow-up `attach_artifact(payload=<b64 PNG>)` + `send_email` because echoing a 25KB base64 string back through a tool param is a known opencode/model-side bottleneck. This isn't a tool bug — the screenshot already lives in S3 under the worker's screenshot persistence layer. A follow-up tool that takes a screenshot's s3Key directly (instead of round-tripping the base64 through the model) would close this gap.

Real bugs caught and fixed during A.9 (none would have been caught by unit tests alone):
  1. Missing worker IAM permission s3:PutObject on artifacts bucket.
  2. opencode-plugin per-tool-call context didn't inject quotaStore.
  3. PgQuotaStore shared the worker's aggressively-idle-timed pg connection.

Evidence:
  docs/.automation-loop/artifacts/A/A.9/sst-deploy-artifacts-policy.log    (deploy 1 — IAM)
  docs/.automation-loop/artifacts/A/A.9/docker-build.log                   (image v1)
  docs/.automation-loop/artifacts/A/A.9/docker-build-2.log                 (image v2 — quotaStore wired)
  docs/.automation-loop/artifacts/A/A.9/docker-build-3.log                 (image v3 — dedicated pg conn)
  docs/.automation-loop/artifacts/A/A.9/post-runs-response.json            (POST /v1/runs response)
  cloud_activity rows for runId 31e06d13-1933-4f37-b27c-1e561a98024b       (Supabase, replicable via execute_sql)
  test.json fetched via presigned URL — body verified.
