event: ready
data: {"workspace_id":"139e7cdc-7060-49c8-a04f-2afffddbd708"}

: keep-alive

event: output
data: {"run_id":"c8805e99-b785-4457-85d2-88b3bd511593","kind":"output_dispatched","channel":"sms","status":"dispatched","dispatched_at":"2026-05-14T01:17:38.4922+00:00","to":"+19722144223"}
id: 8268107b-83c4-45be-a3e3-e2cd1f5b399a

: keep-alive

: keep-alive

: keep-alive

: keep-alive

: keep-alive

: keep-alive

event: output
data: {"run_id":"af8b4d19-f159-4134-9b9b-aecec654f1ee","kind":"output_dispatched","channel":"sms","status":"dispatched","dispatched_at":"2026-05-14T01:20:09.950939+00:00","to":"+19722144223"}
id: e98f557d-5e56-420d-b076-9ae0e912afd2

: keep-alive

: keep-alive

: keep-alive

: keep-alive

: keep-alive

: keep-alive

: keep-alive

: keep-alive

: keep-alive

: keep-alive

: keep-alive

: keep-alive

: keep-alive

: keep-alive

: keep-alive

: keep-alive

: keep-alive

: keep-alive

: keep-alive

: keep-alive

: keep-alive

: keep-alive

: keep-alive

: keep-alive

: keep-alive

: keep-alive

: keep-alive

: keep-alive

: keep-alive

: keep-alive

: keep-alive

: keep-alive

: keep-alive

: keep-alive

: keep-alive

: keep-alive

: keep-alive

: keep-alive

: keep-alive

: keep-alive

: keep-alive

: keep-alive

: keep-alive

: keep-alive

: keep-alive

: keep-alive

: keep-alive

: keep-alive

: keep-alive

: keep-alive

: keep-alive

: keep-alive

: keep-alive

: keep-alive

: keep-alive

: keep-alive

: keep-alive

: keep-alive

: keep-alive

: keep-alive

: keep-alive

: keep-alive

: keep-alive

: keep-alive

: keep-alive

: keep-alive

: keep-alive

: keep-alive

: keep-alive

: keep-alive

: keep-alive

: keep-alive

: keep-alive

: keep-alive

: keep-alive

: keep-alive

: keep-alive

: keep-alive

: keep-alive

: keep-alive

: keep-alive

: keep-alive

: keep-alive

: keep-alive

: keep-alive

: keep-alive

: keep-alive

: keep-alive

: keep-alive

: keep-alive

: keep-alive

: keep-alive

: keep-alive

: keep-alive

: keep-alive

: keep-alive

: keep-alive

: keep-alive

: keep-alive

: keep-alive

: keep-alive

: keep-alive

: keep-alive

: keep-alive

: keep-alive

: keep-alive

: keep-alive

: keep-alive

: keep-alive

: keep-alive

: keep-alive

: keep-alive

: keep-alive

: keep-alive

: keep-alive

: keep-alive

: keep-alive

: keep-alive

: keep-alive

: keep-alive

: keep-alive

: keep-alive

: keep-alive

: keep-alive

: keep-alive

: keep-alive

: keep-alive

: keep-alive

: keep-alive

: keep-alive

: keep-alive

: keep-alive

: keep-alive

: keep-alive

: keep-alive

: keep-alive

: keep-alive

: keep-alive

: keep-alive

: keep-alive

: keep-alive

: keep-alive

: keep-alive

: keep-alive

: keep-alive

: keep-alive

: keep-alive

: keep-alive

: keep-alive

: keep-alive

: keep-alive

: keep-alive

: keep-alive

: keep-alive

: keep-alive

: keep-alive

: keep-alive

: keep-alive

: keep-alive

: keep-alive

: keep-alive

: keep-alive

: keep-alive

: keep-alive

