#0 building with "desktop-linux" instance using docker driver

#1 [internal] load build definition from Dockerfile
#1 transferring dockerfile: 2.63kB done
#1 DONE 0.0s

#2 resolve image config for docker-image://docker.io/docker/dockerfile:1.7
#2 DONE 0.3s

#3 docker-image://docker.io/docker/dockerfile:1.7@sha256:a57df69d0ea827fb7266491f2813635de6f17269be881f696fbfdf2d83dda33e
#3 CACHED

#4 [internal] load metadata for docker.io/oven/bun:1.1.38-alpine
#4 DONE 0.2s

#5 [internal] load .dockerignore
#5 transferring context: 685B done
#5 DONE 0.0s

#6 [build  1/17] FROM docker.io/oven/bun:1.1.38-alpine@sha256:c1cc397e0be452c54f37cbcdfaa747eff93c993723af7d91658764d0fdfe5873
#6 DONE 0.0s

#7 [internal] load build context
#7 transferring context: 57.07kB done
#7 DONE 0.0s

#8 [build  7/17] COPY harness/package.json  ./harness/
#8 CACHED

#9 [build  6/17] COPY shared/package.json   ./shared/
#9 CACHED

#10 [build 14/17] COPY worker/tsconfig.json worker/tsconfig.build.json ./worker/
#10 CACHED

#11 [build  4/17] WORKDIR /repo
#11 CACHED

#12 [build  5/17] COPY pnpm-workspace.yaml pnpm-lock.yaml package.json tsconfig.base.json ./
#12 CACHED

#13 [build  2/17] RUN apk add --no-cache nodejs npm git
#13 CACHED

#14 [build  8/17] COPY worker/package.json   ./worker/
#14 CACHED

#15 [build  9/17] RUN pnpm install --frozen-lockfile --filter @basics/worker...
#15 CACHED

#16 [build 11/17] COPY shared/src ./shared/src
#16 CACHED

#17 [build 13/17] COPY harness/src ./harness/src
#17 CACHED

#18 [build 12/17] COPY harness/tsconfig.json harness/tsconfig.build.json ./harness/
#18 CACHED

#19 [build  3/17] RUN npm install -g pnpm@10.33.0
#19 CACHED

#20 [build 10/17] COPY shared/tsconfig.json shared/tsconfig.build.json ./shared/
#20 CACHED

#21 [build 15/17] COPY worker/pricing.json ./worker/
#21 CACHED

#22 [build 16/17] COPY worker/src ./worker/src
#22 DONE 0.0s

#23 [build 17/17] RUN pnpm --filter @basics/shared  build  && pnpm --filter @basics/harness build  && pnpm --filter @basics/worker  build  && cd worker  && bun build src/main.ts       --target=bun       --outdir=dist-bundle       --minify  && bun build src/opencode-plugin/index.ts       --target=bun       --outfile=dist-bundle/opencode-plugin.js       --minify
#23 0.634 .                                        |  WARN  Unsupported engine: wanted: {"node":">=22.0.0"} (current: {"node":"v20.15.1","pnpm":"10.33.0"})
#23 0.635 harness                                  |  WARN  Unsupported engine: wanted: {"node":">=22.0.0"} (current: {"node":"v20.15.1","pnpm":"10.33.0"})
#23 0.635 shared                                   |  WARN  Unsupported engine: wanted: {"node":">=22.0.0"} (current: {"node":"v20.15.1","pnpm":"10.33.0"})
#23 0.647 
#23 0.647 > @basics/shared@0.0.0 build /repo/shared
#23 0.647 > tsc -p tsconfig.build.json
#23 0.647 
#23 1.750 .                                        |  WARN  Unsupported engine: wanted: {"node":">=22.0.0"} (current: {"node":"v20.15.1","pnpm":"10.33.0"})
#23 1.751 harness                                  |  WARN  Unsupported engine: wanted: {"node":">=22.0.0"} (current: {"node":"v20.15.1","pnpm":"10.33.0"})
#23 1.752 shared                                   |  WARN  Unsupported engine: wanted: {"node":">=22.0.0"} (current: {"node":"v20.15.1","pnpm":"10.33.0"})
#23 1.765 
#23 1.765 > @basics/harness@0.0.0 build /repo/harness
#23 1.765 > tsc -p tsconfig.build.json
#23 1.765 
#23 2.899 .                                        |  WARN  Unsupported engine: wanted: {"node":">=22.0.0"} (current: {"node":"v20.15.1","pnpm":"10.33.0"})
#23 2.899 harness                                  |  WARN  Unsupported engine: wanted: {"node":">=22.0.0"} (current: {"node":"v20.15.1","pnpm":"10.33.0"})
#23 2.899 shared                                   |  WARN  Unsupported engine: wanted: {"node":">=22.0.0"} (current: {"node":"v20.15.1","pnpm":"10.33.0"})
#23 2.911 
#23 2.911 > @basics/worker@0.0.0 build /repo/worker
#23 2.911 > tsc -p tsconfig.build.json
#23 2.911 
#23 9.423 
#23 9.423   ./main.js  1142.28 KB
#23 9.423 
#23 9.423 [262ms] bundle 994 modules
#23 9.533 
#23 9.533   opencode-plugin.js  1705.39 KB
#23 9.533 
#23 9.533 [92ms] bundle 1046 modules
#23 DONE 9.6s

#24 [runtime 2/5] WORKDIR /app
#24 CACHED

#25 [runtime 3/5] RUN apk add --no-cache bash curl tar bubblewrap libstdc++  && curl -fsSL https://opencode.ai/install | VERSION=1.14.41 bash -s -- --no-modify-path  && cp -v /root/.opencode/bin/opencode /usr/local/bin/opencode  && /usr/local/bin/opencode --version
#25 CACHED

#26 [runtime 4/5] COPY --from=build /repo/worker/dist-bundle/main.js ./main.js
#26 DONE 0.0s

#27 [runtime 5/5] COPY --from=build /repo/worker/dist-bundle/opencode-plugin.js ./opencode-plugin.js
#27 DONE 0.0s

#28 exporting to image
#28 exporting layers 0.0s done
#28 writing image sha256:e4c84eb349583f1e972fb9cbb90b465ff143dc4b1258c1f7fa5f3fe649853f06 done
#28 naming to 635649352555.dkr.ecr.us-east-1.amazonaws.com/basics-worker:b8-1778662255 done
#28 naming to 635649352555.dkr.ecr.us-east-1.amazonaws.com/basics-worker:latest done
#28 DONE 0.1s

View build details: docker-desktop://dashboard/build/desktop-linux/desktop-linux/eu2pop054lzclbom2mbig2uus
The push refers to repository [635649352555.dkr.ecr.us-east-1.amazonaws.com/basics-worker]
510baa65a1b9: Preparing
e659f378a315: Preparing
9cc25d94666b: Preparing
6696d66dc594: Preparing
17112740b388: Preparing
33ec19283681: Preparing
a492616fa595: Preparing
f653ce49452f: Preparing
75654b8eeebd: Preparing
33ec19283681: Waiting
a492616fa595: Waiting
f653ce49452f: Waiting
75654b8eeebd: Waiting
9cc25d94666b: Layer already exists
17112740b388: Layer already exists
6696d66dc594: Layer already exists
33ec19283681: Layer already exists
a492616fa595: Layer already exists
f653ce49452f: Layer already exists
75654b8eeebd: Layer already exists
e659f378a315: Pushed
510baa65a1b9: Pushed
latest: digest: sha256:d801879b844aea0e9d25fb91046bf3cfab1d12444adfb996d1c5850513614f82 size: 2204
The push refers to repository [635649352555.dkr.ecr.us-east-1.amazonaws.com/basics-worker]
510baa65a1b9: Preparing
e659f378a315: Preparing
9cc25d94666b: Preparing
6696d66dc594: Preparing
17112740b388: Preparing
33ec19283681: Preparing
a492616fa595: Preparing
f653ce49452f: Preparing
75654b8eeebd: Preparing
a492616fa595: Waiting
33ec19283681: Waiting
75654b8eeebd: Waiting
f653ce49452f: Waiting
6696d66dc594: Layer already exists
510baa65a1b9: Layer already exists
e659f378a315: Layer already exists
17112740b388: Layer already exists
9cc25d94666b: Layer already exists
33ec19283681: Layer already exists
f653ce49452f: Layer already exists
a492616fa595: Layer already exists
75654b8eeebd: Layer already exists
b8-1778662255: digest: sha256:d801879b844aea0e9d25fb91046bf3cfab1d12444adfb996d1c5850513614f82 size: 2204
