#0 building with "desktop-linux" instance using docker driver

#1 [internal] load build definition from Dockerfile
#1 transferring dockerfile: 2.63kB done
#1 DONE 0.0s

#2 resolve image config for docker-image://docker.io/docker/dockerfile:1.7
#2 DONE 0.5s

#3 docker-image://docker.io/docker/dockerfile:1.7@sha256:a57df69d0ea827fb7266491f2813635de6f17269be881f696fbfdf2d83dda33e
#3 CACHED

#4 [internal] load metadata for docker.io/oven/bun:1.1.38-alpine
#4 DONE 0.3s

#5 [internal] load .dockerignore
#5 transferring context: 685B done
#5 DONE 0.0s

#6 [build  1/17] FROM docker.io/oven/bun:1.1.38-alpine@sha256:c1cc397e0be452c54f37cbcdfaa747eff93c993723af7d91658764d0fdfe5873
#6 DONE 0.0s

#7 [internal] load build context
#7 transferring context: 54.53kB done
#7 DONE 0.0s

#8 [build  3/17] RUN npm install -g pnpm@10.33.0
#8 CACHED

#9 [build  6/17] COPY shared/package.json   ./shared/
#9 CACHED

#10 [build  7/17] COPY harness/package.json  ./harness/
#10 CACHED

#11 [build  4/17] WORKDIR /repo
#11 CACHED

#12 [build  8/17] COPY worker/package.json   ./worker/
#12 CACHED

#13 [build  9/17] RUN pnpm install --frozen-lockfile --filter @basics/worker...
#13 CACHED

#14 [build  2/17] RUN apk add --no-cache nodejs npm git
#14 CACHED

#15 [build  5/17] COPY pnpm-workspace.yaml pnpm-lock.yaml package.json tsconfig.base.json ./
#15 CACHED

#16 [build 10/17] COPY shared/tsconfig.json shared/tsconfig.build.json ./shared/
#16 CACHED

#17 [build 11/17] COPY shared/src ./shared/src
#17 DONE 0.0s

#18 [build 12/17] COPY harness/tsconfig.json harness/tsconfig.build.json ./harness/
#18 DONE 0.0s

#19 [build 13/17] COPY harness/src ./harness/src
#19 DONE 0.1s

#20 [build 14/17] COPY worker/tsconfig.json worker/tsconfig.build.json ./worker/
#20 DONE 0.0s

#21 [build 15/17] COPY worker/pricing.json ./worker/
#21 DONE 0.0s

#22 [build 16/17] COPY worker/src ./worker/src
#22 DONE 0.1s

#23 [build 17/17] RUN pnpm --filter @basics/shared  build  && pnpm --filter @basics/harness build  && pnpm --filter @basics/worker  build  && cd worker  && bun build src/main.ts       --target=bun       --outdir=dist-bundle       --minify  && bun build src/opencode-plugin/index.ts       --target=bun       --outfile=dist-bundle/opencode-plugin.js       --minify
#23 0.595 .                                        |  WARN  Unsupported engine: wanted: {"node":">=22.0.0"} (current: {"node":"v20.15.1","pnpm":"10.33.0"})
#23 0.595 harness                                  |  WARN  Unsupported engine: wanted: {"node":">=22.0.0"} (current: {"node":"v20.15.1","pnpm":"10.33.0"})
#23 0.596 shared                                   |  WARN  Unsupported engine: wanted: {"node":">=22.0.0"} (current: {"node":"v20.15.1","pnpm":"10.33.0"})
#23 0.608 
#23 0.608 > @basics/shared@0.0.0 build /repo/shared
#23 0.608 > tsc -p tsconfig.build.json
#23 0.608 
#23 1.724 .                                        |  WARN  Unsupported engine: wanted: {"node":">=22.0.0"} (current: {"node":"v20.15.1","pnpm":"10.33.0"})
#23 1.724 harness                                  |  WARN  Unsupported engine: wanted: {"node":">=22.0.0"} (current: {"node":"v20.15.1","pnpm":"10.33.0"})
#23 1.725 shared                                   |  WARN  Unsupported engine: wanted: {"node":">=22.0.0"} (current: {"node":"v20.15.1","pnpm":"10.33.0"})
#23 1.737 
#23 1.737 > @basics/harness@0.0.0 build /repo/harness
#23 1.737 > tsc -p tsconfig.build.json
#23 1.737 
#23 2.829 .                                        |  WARN  Unsupported engine: wanted: {"node":">=22.0.0"} (current: {"node":"v20.15.1","pnpm":"10.33.0"})
#23 2.830 harness                                  |  WARN  Unsupported engine: wanted: {"node":">=22.0.0"} (current: {"node":"v20.15.1","pnpm":"10.33.0"})
#23 2.830 shared                                   |  WARN  Unsupported engine: wanted: {"node":">=22.0.0"} (current: {"node":"v20.15.1","pnpm":"10.33.0"})
#23 2.842 
#23 2.842 > @basics/worker@0.0.0 build /repo/worker
#23 2.842 > tsc -p tsconfig.build.json
#23 2.842 
#23 9.462 
#23 9.462   ./main.js  1142.56 KB
#23 9.462 
#23 9.462 [254ms] bundle 993 modules
#23 9.557 
#23 9.557   opencode-plugin.js  1724.82 KB
#23 9.557 
#23 9.557 [79ms] bundle 1064 modules
#23 DONE 9.6s

#24 [runtime 2/5] WORKDIR /app
#24 CACHED

#25 [runtime 3/5] RUN apk add --no-cache bash curl tar bubblewrap libstdc++  && curl -fsSL https://opencode.ai/install | VERSION=1.14.41 bash -s -- --no-modify-path  && cp -v /root/.opencode/bin/opencode /usr/local/bin/opencode  && /usr/local/bin/opencode --version
#25 CACHED

#26 [runtime 4/5] COPY --from=build /repo/worker/dist-bundle/main.js ./main.js
#26 DONE 0.1s

#27 [runtime 5/5] COPY --from=build /repo/worker/dist-bundle/opencode-plugin.js ./opencode-plugin.js
#27 DONE 0.0s

#28 exporting to image
#28 exporting layers 0.0s done
#28 writing image sha256:edbc229cd0a03c3d23a7c8a2b47290d22b880b098cabb4e3a9c05bbc30993693 done
#28 naming to 635649352555.dkr.ecr.us-east-1.amazonaws.com/basics-worker:d9-1778689415 done
#28 naming to 635649352555.dkr.ecr.us-east-1.amazonaws.com/basics-worker:latest
#28 naming to 635649352555.dkr.ecr.us-east-1.amazonaws.com/basics-worker:latest done
#28 DONE 0.1s

#29 pushing 635649352555.dkr.ecr.us-east-1.amazonaws.com/basics-worker:d9-1778689415 with docker
#29 pushing layer 3fb71e162d32
#29 pushing layer 4d18bf201630
#29 pushing layer 9cc25d94666b
#29 pushing layer 6696d66dc594
#29 pushing layer 17112740b388
#29 pushing layer 33ec19283681
#29 pushing layer a492616fa595
#29 pushing layer f653ce49452f
#29 pushing layer 75654b8eeebd
#29 pushing layer 4d18bf201630 197.63kB / 1.14MB 0.4s
#29 pushing layer 3fb71e162d32 1.73MB / 1.72MB 0.4s
#29 pushing layer 4d18bf201630 1.14MB / 1.14MB 0.4s
#29 pushing layer 4d18bf201630 1.2s done
#29 pushing layer 3fb71e162d32 1.3s done
#29 pushing layer 17112740b388 3.1s done
#29 pushing layer 9cc25d94666b 3.1s done
#29 pushing layer 6696d66dc594 3.1s done
#29 pushing layer 33ec19283681 3.1s done
#29 pushing layer a492616fa595 3.1s done
#29 pushing layer f653ce49452f 3.1s done
#29 pushing layer 75654b8eeebd 3.1s done
#29 DONE 3.3s

#30 pushing 635649352555.dkr.ecr.us-east-1.amazonaws.com/basics-worker:latest with docker
#30 pushing layer 3fb71e162d32 0.8s done
#30 pushing layer 4d18bf201630 0.8s done
#30 pushing layer 9cc25d94666b 0.8s done
#30 pushing layer 6696d66dc594 0.8s done
#30 pushing layer 17112740b388 0.8s done
#30 pushing layer 33ec19283681 0.8s done
#30 pushing layer a492616fa595 0.8s done
#30 pushing layer f653ce49452f 0.8s done
#30 pushing layer 75654b8eeebd 0.8s done
#30 DONE 1.0s

View build details: docker-desktop://dashboard/build/desktop-linux/desktop-linux/vbaijv0qiy7t91j2b5qviu5kz
