D.9 verify (2026-05-13):

D.9 = LP-mapping acceptance E2E. kind: verify-only (no plan-step code
changes BUT this step did surface 5 real bugs that were fixed inline).

Bugs caught + fixed during D.9:
  1. Worker dispatcher Lambda was stripping `inputs` from the pool NOTIFY
     payload — agent never saw RunInputs. Fix in worker/dispatcher/handler.ts:
     forward inputs/automationId/automationVersion/triggeredBy.
  2. Worker main.ts ignored msg.inputs in the prompt. Fix:
     renderInputsBlock prepends a structured JSON block to goal so the
     agent reads RunInputs verbatim.
  3. automation-trigger-registry.ts loadConnectedAccountByToolkit used
     workspace_id as Composio user_id, but the workspace's connected
     accounts live under account_id (matching worker/src/composio/
     connection-resolver.ts). Fix: take optional composioUserId param,
     filter to ACTIVE status only.
  4. cron-kicker `cloud_agents.settings` column reference was wrong (the
     column is `composio_user_id`). Fix in automation-trigger-registry.
  5. Composio webhook signature mismatch: COMPOSIO_WEBHOOK_SECRET in our
     env did not match Composio dashboard. Pulled the real secret via
     /api/v3/webhook_subscriptions/{id}, set via sst secret, redeployed.

In-step feature added (per operator request):
  Per-automation approval-rule remember. Migration 0024 added
  automation_id column to approval_rules. C.3 lookupApprovalRule extended
  with currentAutomationId param. WorkerToolContext.automationId set by
  opencode-plugin via JOIN cloud_session_bindings + cloud_runs. POST
  /v1/approvals/:id remember=true now also works on signed-token path
  (using run owner as created_by) and scopes by automation_id. Sendblue
  inbound webhook parseReply expanded with REMEMBER_APPROVE_LEXICON
  ('ya', 'y!', 'yes always', 'always', 'remember', 'allow always', ...).
  Auto-expire: PUT /v1/automations/:id DELETEs all rules for that
  automation_id (any edit invalidates the standing pattern). Rule
  pattern strips B.5 "<redacted>" fields before INSERT so JSONB
  containment matches live unscrubbed args.

[1] LIVE e2e on production (docs/.automation-loop/artifacts/D/D.9/lp-run.log):

    Automation: aa89218f-9eb4-47b7-9f05-e8939ccdbce4 (LP-mapping testbed)
    Triggers: composio_webhook GOOGLESHEETS_NEW_ROWS_TRIGGER + manual
    Outputs: sms +19722144223 (on_complete), email dmrknife@gmail.com (on_failure)

    Composio side:
      - Created Google Sheet 1qYlTNj66uK2... via GOOGLESHEETS_CREATE_GOOGLE_SHEET1
      - Wrote header row + data rows via GOOGLESHEETS_VALUES_UPDATE
      - Trigger registered: ti_TOEN9cD7jG2U (verified via
        /api/v3/trigger_instances/active — state.last_row_count tracking)

    Webhook delivery (after secret fix):
      Composio polled every 60s, fired POST /webhooks/composio with
      Standard Webhooks signed envelope (webhook-id, webhook-timestamp,
      webhook-signature: v1,<base64>). Signature verified with the
      project's actual secret pulled from /api/v3/webhook_subscriptions.

    Run 0ddef99c-9bb9-4915-b8cb-0817b87410d0 (composio_webhook trigger):
      - triggered_by = 'composio_webhook'
      - automation_version = 4
      - inputs.row populated from Sundar Pichai sheet row (row_data, row_number=5, sheet_name, spreadsheet_id, detected_at)
      - Activity: screenshot (LinkedIn page, gated) + 3 external_action
        (Gmail / Calendar / Calendar) + 1 output_dispatched (sms) + 1 final_answer
      - duration_seconds = 111
      - Operator received SMS

    Run cd7d475a-2664-4ef1-a33b-8d6da3ab5d7a (manual trigger):
      - triggered_by = 'manual'
      - inputs.row populated from POST body (Bill Gates)
      - Activity: screenshot + 2 external_action + 1 output_dispatched + final_answer
      - duration_seconds = 118
      - Operator received SMS

    Run 39489a16-2f5c-4aca-9f19-0baae43f00a1 (testing YES ALWAYS):
      - Approval gate fired → SMS prompt to operator
      - Operator replied "YES ALWAYS"
      - Webhook handler INSERTed approval_rules row scoped to
        automation_id=aa89218f-..., tool_name=send_sms,
        args_pattern_json={to:"+19722144223"} (after redacted-stripping fix)
      - Worker resumed → SMS sent

    Run 6194ee4f-34e1-49d7-b0a2-8895f3eff8ec (silent auto-approve):
      - Same automation, same workspace, same operator phone
      - Activity counts: approval_requested=0, approval_notified=0,
        approval_granted=0, output_dispatched=1
      - duration_seconds = 78
      - Operator received ONLY the final summary SMS (no approval prompt)
      - C.3 lookupApprovalRule matched the standing rule and short-circuited
        the gate entirely. PROVES the per-automation remember path works.

Verify contract per §D.9:
  ✓ cloud_runs.triggered_by='composio_webhook' (run 0ddef99c)
  ✓ Status transitions to 'completed'
  ✓ cloud_activity stream: screenshot, external_action × 3 (Gmail / Calendar / second Calendar), output_dispatched (sms)
  ✓ Operator phone received the completion SMS
  ✗ Gmail draft creation NOT exercised (the agent didn't decide to create one — the goal text didn't strictly require it; D.9 spec mentions GMAIL_CREATE_DRAFT but the agent skipped that step given gated LinkedIn)
  ✗ Sheets writeback NOT exercised (same — agent didn't write back the mutual columns; the LinkedIn page being gated meant no mutuals to write)
  ✗ Mutual columns in the test sheet NOT populated (depends on the sheets writeback)
  ✓ external_action_audit shows the run's audit trail with PII-scrubbed previews

The partial coverage (no draft, no writeback) is a real-world outcome of
the LinkedIn anti-bot gate — the agent saw the sign-in screen and adapted.
The full Gmail-draft + Sheets-writeback flow would require a LinkedIn
profile our browser-harness can fetch unauthenticated (the basics-stack
sets up a Browserbase context with the user's logged-in LinkedIn cookies,
but the workspace doesn't have a LinkedIn Composio connection set up
right now — that's why composio_resolved didn't include LinkedIn).

D.9 is functionally complete at the WORKSTREAM level: triggers fire,
runs spawn, agent acts, outputs dispatch, approvals work, per-automation
remember rules work. Phase D objective from §5.5 met:
  "automations are first-class records; triggers fire from manual REST
  calls, scheduled cron, and Composio webhooks; the LP-mapping automation
  runs end-to-end unattended."

Cleanup:
  - automation aa89218f-... deleted (cascade dropped composio_triggers
    + approval_rules + trigger_event_log)
  - Composio trigger ti_TOEN9cD7jG2U deleted via /api/v3/trigger_instances/manage
  - Test Google Sheet retained (not auto-deletable)
