#0 building with "desktop-linux" instance using docker driver

#1 [internal] load build definition from Dockerfile
#1 transferring dockerfile: 2.63kB done
#1 DONE 0.0s

#2 resolve image config for docker-image://docker.io/docker/dockerfile:1.7
#2 DONE 0.4s

#3 docker-image://docker.io/docker/dockerfile:1.7@sha256:a57df69d0ea827fb7266491f2813635de6f17269be881f696fbfdf2d83dda33e
#3 CACHED

#4 [internal] load metadata for docker.io/oven/bun:1.1.38-alpine
#4 DONE 0.3s

#5 [internal] load .dockerignore
#5 transferring context: 685B done
#5 DONE 0.0s

#6 [runtime 1/5] FROM docker.io/oven/bun:1.1.38-alpine@sha256:c1cc397e0be452c54f37cbcdfaa747eff93c993723af7d91658764d0fdfe5873
#6 DONE 0.0s

#7 [internal] load build context
#7 transferring context: 32.80kB done
#7 DONE 0.0s

#8 [build  6/17] COPY shared/package.json   ./shared/
#8 CACHED

#9 [build 11/17] COPY shared/src ./shared/src
#9 CACHED

#10 [build  9/17] RUN pnpm install --frozen-lockfile --filter @basics/worker...
#10 CACHED

#11 [build  4/17] WORKDIR /repo
#11 CACHED

#12 [build  2/17] RUN apk add --no-cache nodejs npm git
#12 CACHED

#13 [build  3/17] RUN npm install -g pnpm@10.33.0
#13 CACHED

#14 [build 14/17] COPY worker/tsconfig.json worker/tsconfig.build.json ./worker/
#14 CACHED

#15 [build  5/17] COPY pnpm-workspace.yaml pnpm-lock.yaml package.json tsconfig.base.json ./
#15 CACHED

#16 [build 10/17] COPY shared/tsconfig.json shared/tsconfig.build.json ./shared/
#16 CACHED

#17 [build 13/17] COPY harness/src ./harness/src
#17 CACHED

#18 [build  7/17] COPY harness/package.json  ./harness/
#18 CACHED

#19 [build  8/17] COPY worker/package.json   ./worker/
#19 CACHED

#20 [build 12/17] COPY harness/tsconfig.json harness/tsconfig.build.json ./harness/
#20 CACHED

#21 [build 15/17] COPY worker/pricing.json ./worker/
#21 CACHED

#22 [build 16/17] COPY worker/src ./worker/src
#22 DONE 0.1s

#23 [build 17/17] RUN pnpm --filter @basics/shared  build  && pnpm --filter @basics/harness build  && pnpm --filter @basics/worker  build  && cd worker  && bun build src/main.ts       --target=bun       --outdir=dist-bundle       --minify  && bun build src/opencode-plugin/index.ts       --target=bun       --outfile=dist-bundle/opencode-plugin.js       --minify
#23 0.594 .                                        |  WARN  Unsupported engine: wanted: {"node":">=22.0.0"} (current: {"node":"v20.15.1","pnpm":"10.33.0"})
#23 0.595 harness                                  |  WARN  Unsupported engine: wanted: {"node":">=22.0.0"} (current: {"node":"v20.15.1","pnpm":"10.33.0"})
#23 0.595 shared                                   |  WARN  Unsupported engine: wanted: {"node":">=22.0.0"} (current: {"node":"v20.15.1","pnpm":"10.33.0"})
#23 0.607 
#23 0.607 > @basics/shared@0.0.0 build /repo/shared
#23 0.607 > tsc -p tsconfig.build.json
#23 0.607 
#23 4.412 .                                        |  WARN  Unsupported engine: wanted: {"node":">=22.0.0"} (current: {"node":"v20.15.1","pnpm":"10.33.0"})
#23 4.413 harness                                  |  WARN  Unsupported engine: wanted: {"node":">=22.0.0"} (current: {"node":"v20.15.1","pnpm":"10.33.0"})
#23 4.413 shared                                   |  WARN  Unsupported engine: wanted: {"node":">=22.0.0"} (current: {"node":"v20.15.1","pnpm":"10.33.0"})
#23 4.424 
#23 4.424 > @basics/harness@0.0.0 build /repo/harness
#23 4.424 > tsc -p tsconfig.build.json
#23 4.424 
#23 5.566 .                                        |  WARN  Unsupported engine: wanted: {"node":">=22.0.0"} (current: {"node":"v20.15.1","pnpm":"10.33.0"})
#23 5.566 harness                                  |  WARN  Unsupported engine: wanted: {"node":">=22.0.0"} (current: {"node":"v20.15.1","pnpm":"10.33.0"})
#23 5.567 shared                                   |  WARN  Unsupported engine: wanted: {"node":">=22.0.0"} (current: {"node":"v20.15.1","pnpm":"10.33.0"})
#23 5.580 
#23 5.580 > @basics/worker@0.0.0 build /repo/worker
#23 5.580 > tsc -p tsconfig.build.json
#23 5.580 
#23 9.416 
#23 9.416   ./main.js  1142.94 KB
#23 9.416 
#23 9.416 [272ms] bundle 1002 modules
#23 9.521 
#23 9.521   opencode-plugin.js  1723.99 KB
#23 9.521 
#23 9.521 [88ms] bundle 1067 modules
#23 DONE 9.6s

#24 [runtime 2/5] WORKDIR /app
#24 CACHED

#25 [runtime 3/5] RUN apk add --no-cache bash curl tar bubblewrap libstdc++  && curl -fsSL https://opencode.ai/install | VERSION=1.14.41 bash -s -- --no-modify-path  && cp -v /root/.opencode/bin/opencode /usr/local/bin/opencode  && /usr/local/bin/opencode --version
#25 CACHED

#26 [runtime 4/5] COPY --from=build /repo/worker/dist-bundle/main.js ./main.js
#26 DONE 0.1s

#27 [runtime 5/5] COPY --from=build /repo/worker/dist-bundle/opencode-plugin.js ./opencode-plugin.js
#27 DONE 0.0s

#28 exporting to image
#28 exporting layers 0.0s done
#28 writing image sha256:6aa454a12a1fa109742d71bc8c8f061c34dfd6c6b4492fb6ac1ab143db2d27ac done
#28 naming to 635649352555.dkr.ecr.us-east-1.amazonaws.com/basics-worker:c6-1778666567 done
#28 naming to 635649352555.dkr.ecr.us-east-1.amazonaws.com/basics-worker:latest
#28 naming to 635649352555.dkr.ecr.us-east-1.amazonaws.com/basics-worker:latest done
#28 DONE 0.1s

#29 pushing 635649352555.dkr.ecr.us-east-1.amazonaws.com/basics-worker:c6-1778666567 with docker
#29 pushing layer 8d5e8a071e19
#29 pushing layer 71b0680bc944
#29 pushing layer 9cc25d94666b
#29 pushing layer 6696d66dc594
#29 pushing layer 17112740b388
#29 pushing layer 33ec19283681
#29 pushing layer a492616fa595
#29 pushing layer f653ce49452f
#29 pushing layer 75654b8eeebd
#29 pushing layer 8d5e8a071e19 295.94kB / 1.72MB 0.4s
#29 pushing layer 8d5e8a071e19 1.73MB / 1.72MB 0.4s
#29 pushing layer 71b0680bc944 1.15MB / 1.14MB 0.4s
#29 pushing layer 71b0680bc944 1.2s done
#29 pushing layer 8d5e8a071e19 1.2s done
#29 pushing layer 9cc25d94666b 2.9s done
#29 pushing layer 6696d66dc594 2.9s done
#29 pushing layer 17112740b388 2.9s done
#29 pushing layer 33ec19283681 2.9s done
#29 pushing layer a492616fa595 2.9s done
#29 pushing layer f653ce49452f 2.9s done
#29 pushing layer 75654b8eeebd 2.9s done
#29 DONE 3.1s

#30 pushing 635649352555.dkr.ecr.us-east-1.amazonaws.com/basics-worker:latest with docker
#30 pushing layer 75654b8eeebd 0.8s done
#30 pushing layer 8d5e8a071e19 0.8s done
#30 pushing layer 71b0680bc944 0.8s done
#30 pushing layer 9cc25d94666b 0.8s done
#30 pushing layer 6696d66dc594 0.8s done
#30 pushing layer 17112740b388 0.8s done
#30 pushing layer 33ec19283681 0.8s done
#30 pushing layer a492616fa595 0.8s done
#30 pushing layer f653ce49452f 0.8s done
#30 DONE 1.0s

View build details: docker-desktop://dashboard/build/desktop-linux/desktop-linux/5tturfux4p8lenv36a5n1vw47
