#0 building with "desktop-linux" instance using docker driver

#1 [internal] load build definition from Dockerfile
#1 transferring dockerfile: 2.63kB done
#1 DONE 0.0s

#2 resolve image config for docker-image://docker.io/docker/dockerfile:1.7
#2 DONE 0.4s

#3 docker-image://docker.io/docker/dockerfile:1.7@sha256:a57df69d0ea827fb7266491f2813635de6f17269be881f696fbfdf2d83dda33e
#3 CACHED

#4 [internal] load metadata for docker.io/oven/bun:1.1.38-alpine
#4 DONE 0.3s

#5 [internal] load .dockerignore
#5 transferring context: 685B done
#5 DONE 0.0s

#6 [build  1/17] FROM docker.io/oven/bun:1.1.38-alpine@sha256:c1cc397e0be452c54f37cbcdfaa747eff93c993723af7d91658764d0fdfe5873
#6 DONE 0.0s

#7 [internal] load build context
#7 transferring context: 25.80kB done
#7 DONE 0.0s

#8 [build  7/17] COPY harness/package.json  ./harness/
#8 CACHED

#9 [build  3/17] RUN npm install -g pnpm@10.33.0
#9 CACHED

#10 [build 10/17] COPY shared/tsconfig.json shared/tsconfig.build.json ./shared/
#10 CACHED

#11 [build 12/17] COPY harness/tsconfig.json harness/tsconfig.build.json ./harness/
#11 CACHED

#12 [build 14/17] COPY worker/tsconfig.json worker/tsconfig.build.json ./worker/
#12 CACHED

#13 [build  8/17] COPY worker/package.json   ./worker/
#13 CACHED

#14 [build  6/17] COPY shared/package.json   ./shared/
#14 CACHED

#15 [build  9/17] RUN pnpm install --frozen-lockfile --filter @basics/worker...
#15 CACHED

#16 [build  2/17] RUN apk add --no-cache nodejs npm git
#16 CACHED

#17 [build 11/17] COPY shared/src ./shared/src
#17 CACHED

#18 [build  5/17] COPY pnpm-workspace.yaml pnpm-lock.yaml package.json tsconfig.base.json ./
#18 CACHED

#19 [build 13/17] COPY harness/src ./harness/src
#19 CACHED

#20 [build  4/17] WORKDIR /repo
#20 CACHED

#21 [build 15/17] COPY worker/pricing.json ./worker/
#21 CACHED

#22 [build 16/17] COPY worker/src ./worker/src
#22 DONE 0.1s

#23 [build 17/17] RUN pnpm --filter @basics/shared  build  && pnpm --filter @basics/harness build  && pnpm --filter @basics/worker  build  && cd worker  && bun build src/main.ts       --target=bun       --outdir=dist-bundle       --minify  && bun build src/opencode-plugin/index.ts       --target=bun       --outfile=dist-bundle/opencode-plugin.js       --minify
#23 0.710 .                                        |  WARN  Unsupported engine: wanted: {"node":">=22.0.0"} (current: {"node":"v20.15.1","pnpm":"10.33.0"})
#23 0.710 harness                                  |  WARN  Unsupported engine: wanted: {"node":">=22.0.0"} (current: {"node":"v20.15.1","pnpm":"10.33.0"})
#23 0.711 shared                                   |  WARN  Unsupported engine: wanted: {"node":">=22.0.0"} (current: {"node":"v20.15.1","pnpm":"10.33.0"})
#23 0.722 
#23 0.722 > @basics/shared@0.0.0 build /repo/shared
#23 0.722 > tsc -p tsconfig.build.json
#23 0.722 
#23 1.845 .                                        |  WARN  Unsupported engine: wanted: {"node":">=22.0.0"} (current: {"node":"v20.15.1","pnpm":"10.33.0"})
#23 1.845 harness                                  |  WARN  Unsupported engine: wanted: {"node":">=22.0.0"} (current: {"node":"v20.15.1","pnpm":"10.33.0"})
#23 1.846 shared                                   |  WARN  Unsupported engine: wanted: {"node":">=22.0.0"} (current: {"node":"v20.15.1","pnpm":"10.33.0"})
#23 1.858 
#23 1.858 > @basics/harness@0.0.0 build /repo/harness
#23 1.858 > tsc -p tsconfig.build.json
#23 1.858 
#23 3.068 .                                        |  WARN  Unsupported engine: wanted: {"node":">=22.0.0"} (current: {"node":"v20.15.1","pnpm":"10.33.0"})
#23 3.068 harness                                  |  WARN  Unsupported engine: wanted: {"node":">=22.0.0"} (current: {"node":"v20.15.1","pnpm":"10.33.0"})
#23 3.069 shared                                   |  WARN  Unsupported engine: wanted: {"node":">=22.0.0"} (current: {"node":"v20.15.1","pnpm":"10.33.0"})
#23 3.082 
#23 3.082 > @basics/worker@0.0.0 build /repo/worker
#23 3.082 > tsc -p tsconfig.build.json
#23 3.082 
#23 8.130 
#23 8.130   ./main.js  1142.25 KB
#23 8.130 
#23 8.130 [298ms] bundle 993 modules
#23 8.231 
#23 8.231   opencode-plugin.js  1727.75 KB
#23 8.231 
#23 8.231 [86ms] bundle 1071 modules
#23 DONE 8.3s

#24 [runtime 2/5] WORKDIR /app
#24 CACHED

#25 [runtime 3/5] RUN apk add --no-cache bash curl tar bubblewrap libstdc++  && curl -fsSL https://opencode.ai/install | VERSION=1.14.41 bash -s -- --no-modify-path  && cp -v /root/.opencode/bin/opencode /usr/local/bin/opencode  && /usr/local/bin/opencode --version
#25 CACHED

#26 [runtime 4/5] COPY --from=build /repo/worker/dist-bundle/main.js ./main.js
#26 DONE 0.1s

#27 [runtime 5/5] COPY --from=build /repo/worker/dist-bundle/opencode-plugin.js ./opencode-plugin.js
#27 DONE 0.1s

#28 exporting to image
#28 exporting layers 0.1s done
#28 writing image sha256:f515f03d34b2d4cf937bbe522d839d19d9ae7cd85e537dc67d9bd310a8939329 done
#28 naming to 635649352555.dkr.ecr.us-east-1.amazonaws.com/basics-worker:c6r-1778667139 0.0s done
#28 naming to 635649352555.dkr.ecr.us-east-1.amazonaws.com/basics-worker:latest 0.0s done
#28 DONE 0.2s

#29 pushing 635649352555.dkr.ecr.us-east-1.amazonaws.com/basics-worker:c6r-1778667139 with docker
#29 pushing layer 1da85f732c8c
#29 pushing layer f8338187c46d
#29 pushing layer 9cc25d94666b
#29 pushing layer 6696d66dc594
#29 pushing layer 17112740b388
#29 pushing layer 33ec19283681
#29 pushing layer a492616fa595
#29 pushing layer f653ce49452f
#29 pushing layer 75654b8eeebd
#29 pushing layer f8338187c46d 197.63kB / 1.14MB 0.4s
#29 pushing layer 1da85f732c8c 1.73MB / 1.73MB 0.4s
#29 pushing layer f8338187c46d 1.14MB / 1.14MB 0.4s
#29 pushing layer 1da85f732c8c 1.3s done
#29 pushing layer f8338187c46d 1.3s done
#29 pushing layer f653ce49452f 3.2s done
#29 pushing layer 9cc25d94666b 3.2s done
#29 pushing layer 6696d66dc594 3.2s done
#29 pushing layer 17112740b388 3.2s done
#29 pushing layer 33ec19283681 3.2s done
#29 pushing layer a492616fa595 3.2s done
#29 pushing layer 75654b8eeebd 3.2s done
#29 DONE 3.5s

#30 pushing 635649352555.dkr.ecr.us-east-1.amazonaws.com/basics-worker:latest with docker
#30 pushing layer 75654b8eeebd 1.1s done
#30 pushing layer 1da85f732c8c 1.1s done
#30 pushing layer f8338187c46d 1.1s done
#30 pushing layer 9cc25d94666b 1.1s done
#30 pushing layer 6696d66dc594 1.1s done
#30 pushing layer 17112740b388 1.1s done
#30 pushing layer 33ec19283681 1.1s done
#30 pushing layer a492616fa595 1.1s done
#30 pushing layer f653ce49452f 1.1s done
#30 DONE 1.3s

View build details: docker-desktop://dashboard/build/desktop-linux/desktop-linux/quaaq93dqbcw87sdc4fts4db0
